2025-05-18 18:47:57,169 - getnode - INFO - main.py:25 - === 开始执行爬虫任务 ===
2025-05-18 18:48:14,051 - getnode - INFO - crawler.py:133 - 仓库搜索完成 | 总扫描仓库: 233 有效仓库: 120 跳过: 113
2025-05-18 18:48:14,051 - getnode - INFO - main.py:30 - 发现 120 个相关仓库
2025-05-18 18:48:14,051 - getnode - INFO - main.py:34 - 开始收集节点文件...
2025-05-18 18:48:52,927 - getnode - INFO - crawler.py:56 - 已使用API次数: 100/小时
2025-05-18 18:49:28,960 - getnode - INFO - crawler.py:56 - 已使用API次数: 200/小时
2025-05-18 18:50:06,497 - getnode - INFO - crawler.py:56 - 已使用API次数: 300/小时
2025-05-18 18:50:43,594 - getnode - INFO - crawler.py:56 - 已使用API次数: 400/小时
2025-05-18 18:51:20,477 - getnode - INFO - crawler.py:56 - 已使用API次数: 500/小时
2025-05-18 18:51:56,107 - getnode - INFO - crawler.py:56 - 已使用API次数: 600/小时
2025-05-18 18:52:31,467 - getnode - INFO - crawler.py:56 - 已使用API次数: 700/小时
2025-05-18 18:53:07,111 - getnode - INFO - crawler.py:56 - 已使用API次数: 800/小时
2025-05-18 18:53:46,447 - getnode - INFO - crawler.py:56 - 已使用API次数: 900/小时
2025-05-18 18:54:24,275 - getnode - INFO - crawler.py:51 - 已使用API次数: 1000/小时
2025-05-18 18:54:58,751 - getnode - INFO - crawler.py:56 - 已使用API次数: 1100/小时
2025-05-18 18:55:33,614 - getnode - INFO - crawler.py:56 - 已使用API次数: 1200/小时
2025-05-18 18:56:09,302 - getnode - INFO - crawler.py:56 - 已使用API次数: 1300/小时
2025-05-18 18:56:44,312 - getnode - INFO - crawler.py:56 - 已使用API次数: 1400/小时
2025-05-18 18:57:20,403 - getnode - INFO - crawler.py:56 - 已使用API次数: 1500/小时
2025-05-18 18:57:56,037 - getnode - INFO - crawler.py:56 - 已使用API次数: 1600/小时
2025-05-18 18:58:38,146 - getnode - INFO - crawler.py:56 - 已使用API次数: 1700/小时
2025-05-18 18:59:19,918 - getnode - INFO - crawler.py:56 - 已使用API次数: 1800/小时
2025-05-18 18:59:20,649 - getnode - INFO - main.py:38 - 总共发现 105 个节点文件
2025-05-18 18:59:20,649 - getnode - INFO - nodesjob.py:21 - 开始处理链接集合，共 105 个链接
2025-05-18 19:00:23,004 - getnode - INFO - nodesjob.py:78 - 链接处理完成。成功: 52, 失败: 53
2025-05-18 19:00:28,079 - getnode - INFO - history_manager.py:23 - 成功加载历史节点数量: 16692
2025-05-18 19:00:28,079 - getnode - ERROR - nodesjob.py:183 - 解析Clash配置文件时发生未知错误: 无效的配置类型
Traceback (most recent call last):
  File "d:\Learning\getnode\src\nodesjob.py", line 146, in _parse_clash_config_content
    raise ValueError("无效的配置类型")
ValueError: 无效的配置类型
2025-05-18 19:00:28,079 - getnode - INFO - history_manager.py:44 - 合并后总节点数: 11378
2025-05-18 19:00:28,079 - getnode - INFO - nodesjob.py:593 - 开始保存节点结果到目录: output
2025-05-18 19:00:28,181 - getnode - INFO - nodesjob.py:611 - 开始写入输出文件...
2025-05-18 19:00:32,029 - getnode - INFO - nodesjob.py:620 - 成功生成订阅文件，总节点数: 11224
2025-05-18 19:00:32,029 - getnode - INFO - tester.py:74 - === 批量测试开始 | 总节点数: 11378 ===
2025-05-18 19:01:11,369 - getnode - INFO - tester.py:105 - === 批量测试完成 | 有效节点: 11374 (成功率: 100.0%) ===
2025-05-18 19:01:11,369 - getnode - INFO - nodesjob.py:593 - 开始保存节点结果到目录: speedtest
2025-05-18 19:01:11,469 - getnode - INFO - nodesjob.py:611 - 开始写入输出文件...
2025-05-18 19:01:15,366 - getnode - INFO - nodesjob.py:620 - 成功生成订阅文件，总节点数: 11220
2025-05-18 19:01:15,584 - getnode - INFO - main.py:81 - 
=== 文件处理统计 ===
• 扫描文件总数: 13014
• 因大小跳过:   127 (1.0%)
• 有效处理文件: 12887
=== 节点处理统计 ===
• 扫描节点总数: 13313
• 节点去重数:   1935
• 真实节点数:   11378
2025-05-18 21:19:47,239 - getnode - INFO - main.py:25 - === 开始执行爬虫任务 ===
2025-05-18 21:20:00,453 - getnode - INFO - crawler.py:133 - 仓库搜索完成 | 总扫描仓库: 160 有效仓库: 60 跳过: 100
2025-05-18 21:20:00,453 - getnode - INFO - main.py:30 - 发现 60 个相关仓库
2025-05-18 21:20:00,453 - getnode - INFO - main.py:34 - 开始收集节点文件...
2025-05-18 21:20:36,271 - getnode - INFO - crawler.py:56 - 已使用API次数: 100/小时
2025-05-18 21:21:16,725 - getnode - INFO - crawler.py:56 - 已使用API次数: 200/小时
2025-05-18 21:21:53,775 - getnode - INFO - crawler.py:56 - 已使用API次数: 300/小时
2025-05-18 21:22:31,229 - getnode - INFO - crawler.py:56 - 已使用API次数: 400/小时
2025-05-18 21:23:00,075 - getnode - INFO - main.py:38 - 总共发现 151 个节点文件
2025-05-18 21:23:00,076 - getnode - INFO - nodesjob.py:21 - 开始处理链接集合，共 151 个链接
2025-05-18 21:24:40,479 - getnode - INFO - nodesjob.py:78 - 链接处理完成。成功: 114, 失败: 37
2025-05-18 21:24:43,687 - getnode - INFO - history_manager.py:23 - 成功加载历史节点数量: 11378
2025-05-18 21:24:44,993 - getnode - INFO - history_manager.py:34 - 新节点：16629,
历史节点：11378
2025-05-18 21:24:45,206 - getnode - INFO - history_manager.py:53 - 合并后总节点数: 27367
2025-05-18 21:24:45,206 - getnode - INFO - nodesjob.py:591 - 开始保存节点结果到目录: output
2025-05-18 21:24:45,405 - getnode - INFO - nodesjob.py:609 - 开始写入输出文件...
2025-05-18 21:24:55,299 - getnode - INFO - nodesjob.py:618 - 成功生成订阅文件，总节点数: 27208
2025-05-18 21:24:55,305 - getnode - INFO - tester.py:74 - === 批量测试开始 | 总节点数: 27367 ===
2025-05-18 21:26:18,212 - getnode - INFO - tester.py:105 - === 批量测试完成 | 有效节点: 13964 (成功率: 51.0%) ===
2025-05-18 21:26:18,212 - getnode - INFO - nodesjob.py:591 - 开始保存节点结果到目录: speedtest
2025-05-18 21:26:18,318 - getnode - INFO - nodesjob.py:609 - 开始写入输出文件...
2025-05-18 21:26:23,442 - getnode - INFO - nodesjob.py:618 - 成功生成订阅文件，总节点数: 13961
2025-05-18 21:26:23,579 - getnode - INFO - main.py:81 - 
=== 文件处理统计 ===
• 扫描文件总数: 4229
• 因大小跳过:   80 (1.9%)
• 有效处理文件: 4149
=== 节点处理统计 ===
• 扫描节点总数: 61591
• 节点去重数:   34224
• 真实节点数:   27367
2025-05-18 16:02:46,848 - getnode - INFO - main.py:25 - === 开始执行爬虫任务 ===
2025-05-18 16:02:57,580 - getnode - INFO - crawler.py:130 - 仓库搜索完成 | 总扫描仓库: 180 有效仓库: 180 跳过: 0
2025-05-18 16:02:57,580 - getnode - INFO - main.py:30 - 发现 180 个相关仓库
2025-05-18 16:02:57,581 - getnode - INFO - main.py:34 - 开始收集节点文件...
2025-05-18 16:03:08,594 - getnode - INFO - crawler.py:50 - 已使用API次数: 100/小时
2025-05-18 16:03:20,069 - getnode - INFO - crawler.py:50 - 已使用API次数: 200/小时
2025-05-18 16:03:33,628 - getnode - INFO - crawler.py:50 - 已使用API次数: 300/小时
2025-05-18 16:03:44,752 - getnode - INFO - crawler.py:50 - 已使用API次数: 400/小时
2025-05-18 16:03:56,106 - getnode - INFO - crawler.py:50 - 已使用API次数: 500/小时
2025-05-18 16:04:07,212 - getnode - INFO - crawler.py:50 - 已使用API次数: 600/小时
2025-05-18 16:04:19,504 - getnode - INFO - crawler.py:50 - 已使用API次数: 700/小时
2025-05-18 16:04:32,138 - getnode - INFO - crawler.py:50 - 已使用API次数: 800/小时
2025-05-18 16:04:47,023 - getnode - INFO - crawler.py:50 - 已使用API次数: 900/小时
2025-05-18 16:04:59,854 - getnode - INFO - crawler.py:50 - 已使用API次数: 1000/小时
2025-05-18 16:05:11,939 - getnode - INFO - crawler.py:50 - 已使用API次数: 1100/小时
2025-05-18 16:05:24,685 - getnode - INFO - crawler.py:50 - 已使用API次数: 1200/小时
2025-05-18 16:05:36,360 - getnode - INFO - crawler.py:50 - 已使用API次数: 1300/小时
2025-05-18 16:05:48,871 - getnode - INFO - crawler.py:50 - 已使用API次数: 1400/小时
2025-05-18 16:06:00,143 - getnode - INFO - crawler.py:50 - 已使用API次数: 1500/小时
2025-05-18 16:06:12,773 - getnode - INFO - main.py:38 - 总共发现 188 个节点文件
2025-05-18 16:06:12,773 - getnode - INFO - nodesjob.py:18 - 开始处理链接集合，共 188 个链接
2025-05-18 16:06:35,689 - getnode - ERROR - nodesjob.py:69 - 处理链接时发生异常: 处理异常: 429 Client Error: Too Many Requests for url: https://raw.githubusercontent.com/lagzian/SS-Collector/main/ss_clash.yaml
Traceback (most recent call last):
  File "/home/runner/work/getnode/getnode/src/nodesjob.py", line 36, in parse_node_links
    response.raise_for_status()
  File "/opt/hostedtoolcache/Python/3.10.17/x64/lib/python3.10/site-packages/requests/models.py", line 1024, in raise_for_status
    raise HTTPError(http_error_msg, response=self)
requests.exceptions.HTTPError: 429 Client Error: Too Many Requests for url: https://raw.githubusercontent.com/lagzian/SS-Collector/main/ss_clash.yaml
2025-05-18 16:07:09,114 - getnode - INFO - nodesjob.py:74 - 链接处理完成。成功: 118, 失败: 70
2025-05-18 16:07:21,305 - getnode - INFO - history_manager.py:22 - 成功加载历史节点数量: 27367
2025-05-18 16:07:21,305 - getnode - INFO - history_manager.py:33 - 新节点：18040, 历史节点：27367
2025-05-18 16:07:21,668 - getnode - INFO - history_manager.py:52 - 合并后总节点数: 32840
2025-05-18 16:07:21,670 - getnode - INFO - nodesjob.py:560 - 开始保存节点结果到目录: output/all_subs
2025-05-18 16:07:21,967 - getnode - INFO - nodesjob.py:578 - 开始写入输出文件...
2025-05-18 16:07:37,498 - getnode - INFO - nodesjob.py:587 - 成功生成订阅文件，总节点数: 32530
2025-05-18 16:07:37,508 - getnode - INFO - tester.py:74 - === 批量测试开始 | 总节点数: 32840 ===
2025-05-18 16:18:48,929 - getnode - INFO - tester.py:103 - === 批量测试完成 | 有效节点: 11567 (成功率: 35.2%) ===
2025-05-18 16:18:48,929 - getnode - INFO - nodesjob.py:560 - 开始保存节点结果到目录: output/speedtest
2025-05-18 16:18:49,021 - getnode - INFO - nodesjob.py:578 - 开始写入输出文件...
2025-05-18 16:18:54,053 - getnode - INFO - nodesjob.py:587 - 成功生成订阅文件，总节点数: 11257
2025-05-18 16:18:54,195 - getnode - INFO - main.py:79 - 
=== 文件处理统计 ===
• 扫描文件总数: 10674
• 因大小跳过:   207 (1.9%)
• 有效处理文件: 10467
=== 节点处理统计 ===
• 扫描节点总数: 78558
• 节点去重数:   45718
• 真实节点数:   32840

2025-05-19 05:01:45,085 - getnode - INFO - main.py:25 - === 开始执行爬虫任务 ===
2025-05-19 05:02:00,856 - getnode - INFO - crawler.py:130 - 仓库搜索完成 | 总扫描仓库: 226 有效仓库: 180 跳过: 46
2025-05-19 05:02:00,857 - getnode - INFO - main.py:30 - 发现 180 个相关仓库
2025-05-19 05:02:00,857 - getnode - INFO - main.py:34 - 开始收集节点文件...
2025-05-19 05:02:14,258 - getnode - INFO - crawler.py:50 - 已使用API次数: 100/小时
2025-05-19 05:02:30,402 - getnode - INFO - crawler.py:50 - 已使用API次数: 200/小时
2025-05-19 05:02:45,574 - getnode - INFO - crawler.py:50 - 已使用API次数: 300/小时
2025-05-19 05:03:01,249 - getnode - INFO - crawler.py:50 - 已使用API次数: 400/小时
2025-05-19 05:03:17,913 - getnode - INFO - crawler.py:50 - 已使用API次数: 500/小时
2025-05-19 05:03:35,401 - getnode - INFO - crawler.py:50 - 已使用API次数: 600/小时
2025-05-19 05:03:51,528 - getnode - INFO - crawler.py:50 - 已使用API次数: 700/小时
2025-05-19 05:04:07,158 - getnode - INFO - crawler.py:50 - 已使用API次数: 800/小时
2025-05-19 05:04:22,859 - getnode - INFO - crawler.py:50 - 已使用API次数: 900/小时
2025-05-19 05:04:37,575 - getnode - INFO - crawler.py:50 - 已使用API次数: 1000/小时
2025-05-19 05:04:53,070 - getnode - INFO - crawler.py:50 - 已使用API次数: 1100/小时
2025-05-19 05:05:08,516 - getnode - INFO - crawler.py:50 - 已使用API次数: 1200/小时
2025-05-19 05:05:23,909 - getnode - INFO - crawler.py:50 - 已使用API次数: 1300/小时
2025-05-19 05:05:38,530 - getnode - INFO - crawler.py:50 - 已使用API次数: 1400/小时
2025-05-19 05:05:52,799 - getnode - INFO - crawler.py:50 - 已使用API次数: 1500/小时
2025-05-19 05:06:07,472 - getnode - INFO - crawler.py:50 - 已使用API次数: 1600/小时
2025-05-19 05:06:22,293 - getnode - INFO - crawler.py:50 - 已使用API次数: 1700/小时
2025-05-19 05:06:38,001 - getnode - INFO - crawler.py:50 - 已使用API次数: 1800/小时
2025-05-19 05:06:45,823 - getnode - INFO - main.py:38 - 总共发现 168 个节点文件
2025-05-19 05:06:45,823 - getnode - INFO - nodesjob.py:18 - 开始处理链接集合，共 168 个链接
2025-05-19 05:07:28,568 - getnode - INFO - nodesjob.py:74 - 链接处理完成。成功: 99, 失败: 69
2025-05-19 05:07:43,225 - getnode - INFO - history_manager.py:22 - 成功加载历史节点数量: 32840
2025-05-19 05:07:43,225 - getnode - INFO - history_manager.py:33 - 新节点：17807, 历史节点：32840
2025-05-19 05:07:43,625 - getnode - INFO - history_manager.py:52 - 合并后总节点数: 34118
2025-05-19 05:07:43,627 - getnode - INFO - nodesjob.py:560 - 开始保存节点结果到目录: output/all_subs
2025-05-19 05:07:43,929 - getnode - INFO - nodesjob.py:578 - 开始写入输出文件...
2025-05-19 05:08:00,197 - getnode - INFO - nodesjob.py:587 - 成功生成订阅文件，总节点数: 33796
2025-05-19 05:08:00,401 - getnode - INFO - main.py:79 - 
=== 文件处理统计 ===
• 扫描文件总数: 14993
• 因大小跳过:   181 (1.2%)
• 有效处理文件: 14812
=== 节点处理统计 ===
• 扫描节点总数: 82802
• 节点去重数:   48684
• 真实节点数:   34118

2025-05-19 21:15:31,595 - getnode - INFO - main.py:25 - === 开始执行爬虫任务 ===
2025-05-19 21:15:54,319 - getnode - INFO - crawler.py:130 - 仓库搜索完成 | 总扫描仓库: 318 有效仓库: 180 跳过: 138
2025-05-19 21:15:54,319 - getnode - INFO - main.py:30 - 发现 180 个相关仓库
2025-05-19 21:15:54,320 - getnode - INFO - main.py:34 - 开始收集节点文件...
2025-05-19 21:16:06,949 - getnode - INFO - crawler.py:50 - 已使用API次数: 100/小时
2025-05-19 21:16:23,055 - getnode - INFO - crawler.py:50 - 已使用API次数: 200/小时
2025-05-19 21:16:35,960 - getnode - INFO - crawler.py:50 - 已使用API次数: 300/小时
2025-05-19 21:16:48,383 - getnode - INFO - crawler.py:50 - 已使用API次数: 400/小时
2025-05-19 21:17:01,931 - getnode - INFO - crawler.py:50 - 已使用API次数: 500/小时
2025-05-19 21:17:15,529 - getnode - INFO - crawler.py:50 - 已使用API次数: 600/小时
2025-05-19 21:17:30,579 - getnode - INFO - crawler.py:50 - 已使用API次数: 700/小时
2025-05-19 21:17:48,894 - getnode - INFO - crawler.py:50 - 已使用API次数: 800/小时
2025-05-19 21:18:02,658 - getnode - INFO - crawler.py:50 - 已使用API次数: 900/小时
2025-05-19 21:18:16,086 - getnode - INFO - crawler.py:50 - 已使用API次数: 1000/小时
2025-05-19 21:18:30,888 - getnode - INFO - crawler.py:50 - 已使用API次数: 1100/小时
2025-05-19 21:18:47,247 - getnode - INFO - crawler.py:50 - 已使用API次数: 1200/小时
2025-05-19 21:19:00,105 - getnode - INFO - crawler.py:50 - 已使用API次数: 1300/小时
2025-05-19 21:19:13,020 - getnode - INFO - crawler.py:50 - 已使用API次数: 1400/小时
2025-05-19 21:19:25,662 - getnode - INFO - crawler.py:50 - 已使用API次数: 1500/小时
2025-05-19 21:19:38,788 - getnode - INFO - crawler.py:50 - 已使用API次数: 1600/小时
2025-05-19 21:19:51,271 - getnode - INFO - crawler.py:50 - 已使用API次数: 1700/小时
2025-05-19 21:20:04,294 - getnode - INFO - crawler.py:50 - 已使用API次数: 1800/小时
2025-05-19 21:20:17,070 - getnode - INFO - crawler.py:50 - 已使用API次数: 1900/小时
2025-05-19 21:20:29,144 - getnode - INFO - crawler.py:50 - 已使用API次数: 2000/小时
2025-05-19 21:20:41,279 - getnode - INFO - crawler.py:50 - 已使用API次数: 2100/小时
2025-05-19 21:20:53,652 - getnode - INFO - crawler.py:50 - 已使用API次数: 2200/小时
2025-05-19 21:21:07,135 - getnode - INFO - crawler.py:50 - 已使用API次数: 2300/小时
2025-05-19 21:21:10,221 - getnode - INFO - main.py:38 - 总共发现 196 个节点文件
2025-05-19 21:21:10,221 - getnode - INFO - nodesjob.py:18 - 开始处理链接集合，共 196 个链接
2025-05-19 21:21:10,328 - getnode - ERROR - nodesjob.py:69 - 处理链接时发生异常: 处理异常: 429 Client Error: Too Many Requests for url: https://raw.githubusercontent.com/xiaoji235/airport-free/main/v2ray.png
Traceback (most recent call last):
  File "/home/runner/work/getnode/getnode/src/nodesjob.py", line 36, in parse_node_links
    response.raise_for_status()
  File "/opt/hostedtoolcache/Python/3.10.17/x64/lib/python3.10/site-packages/requests/models.py", line 1024, in raise_for_status
    raise HTTPError(http_error_msg, response=self)
requests.exceptions.HTTPError: 429 Client Error: Too Many Requests for url: https://raw.githubusercontent.com/xiaoji235/airport-free/main/v2ray.png
2025-05-19 21:21:11,179 - getnode - ERROR - nodesjob.py:69 - 处理链接时发生异常: 处理异常: 429 Client Error: Too Many Requests for url: https://raw.githubusercontent.com/roosterkid/openproxylist/main/V2RAY_BASE64.txt
Traceback (most recent call last):
  File "/home/runner/work/getnode/getnode/src/nodesjob.py", line 36, in parse_node_links
    response.raise_for_status()
  File "/opt/hostedtoolcache/Python/3.10.17/x64/lib/python3.10/site-packages/requests/models.py", line 1024, in raise_for_status
    raise HTTPError(http_error_msg, response=self)
requests.exceptions.HTTPError: 429 Client Error: Too Many Requests for url: https://raw.githubusercontent.com/roosterkid/openproxylist/main/V2RAY_BASE64.txt
2025-05-19 21:21:11,365 - getnode - ERROR - nodesjob.py:69 - 处理链接时发生异常: 处理异常: 429 Client Error: Too Many Requests for url: https://raw.githubusercontent.com/roosterkid/openproxylist/main/V2RAY_RAW.txt
Traceback (most recent call last):
  File "/home/runner/work/getnode/getnode/src/nodesjob.py", line 36, in parse_node_links
    response.raise_for_status()
  File "/opt/hostedtoolcache/Python/3.10.17/x64/lib/python3.10/site-packages/requests/models.py", line 1024, in raise_for_status
    raise HTTPError(http_error_msg, response=self)
requests.exceptions.HTTPError: 429 Client Error: Too Many Requests for url: https://raw.githubusercontent.com/roosterkid/openproxylist/main/V2RAY_RAW.txt
2025-05-19 21:21:11,680 - getnode - ERROR - nodesjob.py:69 - 处理链接时发生异常: 处理异常: 429 Client Error: Too Many Requests for url: https://raw.githubusercontent.com/skywrt/v2ray-configs/main/Config%20list10.txt
Traceback (most recent call last):
  File "/home/runner/work/getnode/getnode/src/nodesjob.py", line 36, in parse_node_links
    response.raise_for_status()
  File "/opt/hostedtoolcache/Python/3.10.17/x64/lib/python3.10/site-packages/requests/models.py", line 1024, in raise_for_status
    raise HTTPError(http_error_msg, response=self)
requests.exceptions.HTTPError: 429 Client Error: Too Many Requests for url: https://raw.githubusercontent.com/skywrt/v2ray-configs/main/Config%20list10.txt
2025-05-19 21:21:11,761 - getnode - ERROR - nodesjob.py:69 - 处理链接时发生异常: 处理异常: 429 Client Error: Too Many Requests for url: https://raw.githubusercontent.com/skywrt/v2ray-configs/main/Config%20list11.txt
Traceback (most recent call last):
  File "/home/runner/work/getnode/getnode/src/nodesjob.py", line 36, in parse_node_links
    response.raise_for_status()
  File "/opt/hostedtoolcache/Python/3.10.17/x64/lib/python3.10/site-packages/requests/models.py", line 1024, in raise_for_status
    raise HTTPError(http_error_msg, response=self)
requests.exceptions.HTTPError: 429 Client Error: Too Many Requests for url: https://raw.githubusercontent.com/skywrt/v2ray-configs/main/Config%20list11.txt
2025-05-19 21:21:11,845 - getnode - ERROR - nodesjob.py:69 - 处理链接时发生异常: 处理异常: 429 Client Error: Too Many Requests for url: https://raw.githubusercontent.com/skywrt/v2ray-configs/main/Config%20list12.txt
Traceback (most recent call last):
  File "/home/runner/work/getnode/getnode/src/nodesjob.py", line 36, in parse_node_links
    response.raise_for_status()
  File "/opt/hostedtoolcache/Python/3.10.17/x64/lib/python3.10/site-packages/requests/models.py", line 1024, in raise_for_status
    raise HTTPError(http_error_msg, response=self)
requests.exceptions.HTTPError: 429 Client Error: Too Many Requests for url: https://raw.githubusercontent.com/skywrt/v2ray-configs/main/Config%20list12.txt
2025-05-19 21:21:12,129 - getnode - ERROR - nodesjob.py:69 - 处理链接时发生异常: 处理异常: 429 Client Error: Too Many Requests for url: https://raw.githubusercontent.com/skywrt/v2ray-configs/main/Config%20list14.txt
Traceback (most recent call last):
  File "/home/runner/work/getnode/getnode/src/nodesjob.py", line 36, in parse_node_links
    response.raise_for_status()
  File "/opt/hostedtoolcache/Python/3.10.17/x64/lib/python3.10/site-packages/requests/models.py", line 1024, in raise_for_status
    raise HTTPError(http_error_msg, response=self)
requests.exceptions.HTTPError: 429 Client Error: Too Many Requests for url: https://raw.githubusercontent.com/skywrt/v2ray-configs/main/Config%20list14.txt
2025-05-19 21:21:13,171 - getnode - ERROR - nodesjob.py:69 - 处理链接时发生异常: 处理异常: 429 Client Error: Too Many Requests for url: https://raw.githubusercontent.com/skywrt/v2ray-configs/main/Config%20list18.txt
Traceback (most recent call last):
  File "/home/runner/work/getnode/getnode/src/nodesjob.py", line 36, in parse_node_links
    response.raise_for_status()
  File "/opt/hostedtoolcache/Python/3.10.17/x64/lib/python3.10/site-packages/requests/models.py", line 1024, in raise_for_status
    raise HTTPError(http_error_msg, response=self)
requests.exceptions.HTTPError: 429 Client Error: Too Many Requests for url: https://raw.githubusercontent.com/skywrt/v2ray-configs/main/Config%20list18.txt
2025-05-19 21:21:14,334 - getnode - ERROR - nodesjob.py:69 - 处理链接时发生异常: 处理异常: 429 Client Error: Too Many Requests for url: https://raw.githubusercontent.com/skywrt/v2ray-configs/main/Config%20list21.txt
Traceback (most recent call last):
  File "/home/runner/work/getnode/getnode/src/nodesjob.py", line 36, in parse_node_links
    response.raise_for_status()
  File "/opt/hostedtoolcache/Python/3.10.17/x64/lib/python3.10/site-packages/requests/models.py", line 1024, in raise_for_status
    raise HTTPError(http_error_msg, response=self)
requests.exceptions.HTTPError: 429 Client Error: Too Many Requests for url: https://raw.githubusercontent.com/skywrt/v2ray-configs/main/Config%20list21.txt
2025-05-19 21:21:15,196 - getnode - ERROR - nodesjob.py:69 - 处理链接时发生异常: 处理异常: 429 Client Error: Too Many Requests for url: https://raw.githubusercontent.com/skywrt/v2ray-configs/main/Config%20list24.txt
Traceback (most recent call last):
  File "/home/runner/work/getnode/getnode/src/nodesjob.py", line 36, in parse_node_links
    response.raise_for_status()
  File "/opt/hostedtoolcache/Python/3.10.17/x64/lib/python3.10/site-packages/requests/models.py", line 1024, in raise_for_status
    raise HTTPError(http_error_msg, response=self)
requests.exceptions.HTTPError: 429 Client Error: Too Many Requests for url: https://raw.githubusercontent.com/skywrt/v2ray-configs/main/Config%20list24.txt
2025-05-19 21:21:15,269 - getnode - ERROR - nodesjob.py:69 - 处理链接时发生异常: 处理异常: 429 Client Error: Too Many Requests for url: https://raw.githubusercontent.com/skywrt/v2ray-configs/main/Config%20list25.txt
Traceback (most recent call last):
  File "/home/runner/work/getnode/getnode/src/nodesjob.py", line 36, in parse_node_links
    response.raise_for_status()
  File "/opt/hostedtoolcache/Python/3.10.17/x64/lib/python3.10/site-packages/requests/models.py", line 1024, in raise_for_status
    raise HTTPError(http_error_msg, response=self)
requests.exceptions.HTTPError: 429 Client Error: Too Many Requests for url: https://raw.githubusercontent.com/skywrt/v2ray-configs/main/Config%20list25.txt
2025-05-19 21:21:16,411 - getnode - ERROR - nodesjob.py:69 - 处理链接时发生异常: 处理异常: 429 Client Error: Too Many Requests for url: https://raw.githubusercontent.com/skywrt/v2ray-configs/main/Config%20list29.txt
Traceback (most recent call last):
  File "/home/runner/work/getnode/getnode/src/nodesjob.py", line 36, in parse_node_links
    response.raise_for_status()
  File "/opt/hostedtoolcache/Python/3.10.17/x64/lib/python3.10/site-packages/requests/models.py", line 1024, in raise_for_status
    raise HTTPError(http_error_msg, response=self)
requests.exceptions.HTTPError: 429 Client Error: Too Many Requests for url: https://raw.githubusercontent.com/skywrt/v2ray-configs/main/Config%20list29.txt
2025-05-19 21:21:16,590 - getnode - ERROR - nodesjob.py:69 - 处理链接时发生异常: 处理异常: 429 Client Error: Too Many Requests for url: https://raw.githubusercontent.com/skywrt/v2ray-configs/main/Config%20list3.txt
Traceback (most recent call last):
  File "/home/runner/work/getnode/getnode/src/nodesjob.py", line 36, in parse_node_links
    response.raise_for_status()
  File "/opt/hostedtoolcache/Python/3.10.17/x64/lib/python3.10/site-packages/requests/models.py", line 1024, in raise_for_status
    raise HTTPError(http_error_msg, response=self)
requests.exceptions.HTTPError: 429 Client Error: Too Many Requests for url: https://raw.githubusercontent.com/skywrt/v2ray-configs/main/Config%20list3.txt
2025-05-19 21:21:16,671 - getnode - ERROR - nodesjob.py:69 - 处理链接时发生异常: 处理异常: 429 Client Error: Too Many Requests for url: https://raw.githubusercontent.com/skywrt/v2ray-configs/main/Config%20list30.txt
Traceback (most recent call last):
  File "/home/runner/work/getnode/getnode/src/nodesjob.py", line 36, in parse_node_links
    response.raise_for_status()
  File "/opt/hostedtoolcache/Python/3.10.17/x64/lib/python3.10/site-packages/requests/models.py", line 1024, in raise_for_status
    raise HTTPError(http_error_msg, response=self)
requests.exceptions.HTTPError: 429 Client Error: Too Many Requests for url: https://raw.githubusercontent.com/skywrt/v2ray-configs/main/Config%20list30.txt
2025-05-19 21:21:17,010 - getnode - ERROR - nodesjob.py:69 - 处理链接时发生异常: 处理异常: 429 Client Error: Too Many Requests for url: https://raw.githubusercontent.com/skywrt/v2ray-configs/main/Config%20list32.txt
Traceback (most recent call last):
  File "/home/runner/work/getnode/getnode/src/nodesjob.py", line 36, in parse_node_links
    response.raise_for_status()
  File "/opt/hostedtoolcache/Python/3.10.17/x64/lib/python3.10/site-packages/requests/models.py", line 1024, in raise_for_status
    raise HTTPError(http_error_msg, response=self)
requests.exceptions.HTTPError: 429 Client Error: Too Many Requests for url: https://raw.githubusercontent.com/skywrt/v2ray-configs/main/Config%20list32.txt
2025-05-19 21:21:17,619 - getnode - ERROR - nodesjob.py:69 - 处理链接时发生异常: 处理异常: 429 Client Error: Too Many Requests for url: https://raw.githubusercontent.com/skywrt/v2ray-configs/main/Config%20list5.txt
Traceback (most recent call last):
  File "/home/runner/work/getnode/getnode/src/nodesjob.py", line 36, in parse_node_links
    response.raise_for_status()
  File "/opt/hostedtoolcache/Python/3.10.17/x64/lib/python3.10/site-packages/requests/models.py", line 1024, in raise_for_status
    raise HTTPError(http_error_msg, response=self)
requests.exceptions.HTTPError: 429 Client Error: Too Many Requests for url: https://raw.githubusercontent.com/skywrt/v2ray-configs/main/Config%20list5.txt
2025-05-19 21:21:17,698 - getnode - ERROR - nodesjob.py:69 - 处理链接时发生异常: 处理异常: 429 Client Error: Too Many Requests for url: https://raw.githubusercontent.com/skywrt/v2ray-configs/main/Config%20list6.txt
Traceback (most recent call last):
  File "/home/runner/work/getnode/getnode/src/nodesjob.py", line 36, in parse_node_links
    response.raise_for_status()
  File "/opt/hostedtoolcache/Python/3.10.17/x64/lib/python3.10/site-packages/requests/models.py", line 1024, in raise_for_status
    raise HTTPError(http_error_msg, response=self)
requests.exceptions.HTTPError: 429 Client Error: Too Many Requests for url: https://raw.githubusercontent.com/skywrt/v2ray-configs/main/Config%20list6.txt
2025-05-19 21:21:17,893 - getnode - ERROR - nodesjob.py:69 - 处理链接时发生异常: 处理异常: 429 Client Error: Too Many Requests for url: https://raw.githubusercontent.com/skywrt/v2ray-configs/main/Config%20list7.txt
Traceback (most recent call last):
  File "/home/runner/work/getnode/getnode/src/nodesjob.py", line 36, in parse_node_links
    response.raise_for_status()
  File "/opt/hostedtoolcache/Python/3.10.17/x64/lib/python3.10/site-packages/requests/models.py", line 1024, in raise_for_status
    raise HTTPError(http_error_msg, response=self)
requests.exceptions.HTTPError: 429 Client Error: Too Many Requests for url: https://raw.githubusercontent.com/skywrt/v2ray-configs/main/Config%20list7.txt
2025-05-19 21:21:17,969 - getnode - ERROR - nodesjob.py:69 - 处理链接时发生异常: 处理异常: 429 Client Error: Too Many Requests for url: https://raw.githubusercontent.com/skywrt/v2ray-configs/main/Config%20list8.txt
Traceback (most recent call last):
  File "/home/runner/work/getnode/getnode/src/nodesjob.py", line 36, in parse_node_links
    response.raise_for_status()
  File "/opt/hostedtoolcache/Python/3.10.17/x64/lib/python3.10/site-packages/requests/models.py", line 1024, in raise_for_status
    raise HTTPError(http_error_msg, response=self)
requests.exceptions.HTTPError: 429 Client Error: Too Many Requests for url: https://raw.githubusercontent.com/skywrt/v2ray-configs/main/Config%20list8.txt
2025-05-19 21:21:18,151 - getnode - ERROR - nodesjob.py:69 - 处理链接时发生异常: 处理异常: 429 Client Error: Too Many Requests for url: https://raw.githubusercontent.com/skywrt/v2ray-configs/main/Config%20list9.txt
Traceback (most recent call last):
  File "/home/runner/work/getnode/getnode/src/nodesjob.py", line 36, in parse_node_links
    response.raise_for_status()
  File "/opt/hostedtoolcache/Python/3.10.17/x64/lib/python3.10/site-packages/requests/models.py", line 1024, in raise_for_status
    raise HTTPError(http_error_msg, response=self)
requests.exceptions.HTTPError: 429 Client Error: Too Many Requests for url: https://raw.githubusercontent.com/skywrt/v2ray-configs/main/Config%20list9.txt
2025-05-19 21:21:18,381 - getnode - ERROR - nodesjob.py:69 - 处理链接时发生异常: 处理异常: 429 Client Error: Too Many Requests for url: https://raw.githubusercontent.com/Pawdroid/Free-servers/main/sub.png
Traceback (most recent call last):
  File "/home/runner/work/getnode/getnode/src/nodesjob.py", line 36, in parse_node_links
    response.raise_for_status()
  File "/opt/hostedtoolcache/Python/3.10.17/x64/lib/python3.10/site-packages/requests/models.py", line 1024, in raise_for_status
    raise HTTPError(http_error_msg, response=self)
requests.exceptions.HTTPError: 429 Client Error: Too Many Requests for url: https://raw.githubusercontent.com/Pawdroid/Free-servers/main/sub.png
2025-05-19 21:21:18,912 - getnode - ERROR - nodesjob.py:69 - 处理链接时发生异常: 处理异常: 429 Client Error: Too Many Requests for url: https://raw.githubusercontent.com/lagzian/SS-Collector/main/SS_B64.txt
Traceback (most recent call last):
  File "/home/runner/work/getnode/getnode/src/nodesjob.py", line 36, in parse_node_links
    response.raise_for_status()
  File "/opt/hostedtoolcache/Python/3.10.17/x64/lib/python3.10/site-packages/requests/models.py", line 1024, in raise_for_status
    raise HTTPError(http_error_msg, response=self)
requests.exceptions.HTTPError: 429 Client Error: Too Many Requests for url: https://raw.githubusercontent.com/lagzian/SS-Collector/main/SS_B64.txt
2025-05-19 21:21:19,093 - getnode - ERROR - nodesjob.py:69 - 处理链接时发生异常: 处理异常: 429 Client Error: Too Many Requests for url: https://raw.githubusercontent.com/lagzian/SS-Collector/main/backup_clash.yaml
Traceback (most recent call last):
  File "/home/runner/work/getnode/getnode/src/nodesjob.py", line 36, in parse_node_links
    response.raise_for_status()
  File "/opt/hostedtoolcache/Python/3.10.17/x64/lib/python3.10/site-packages/requests/models.py", line 1024, in raise_for_status
    raise HTTPError(http_error_msg, response=self)
requests.exceptions.HTTPError: 429 Client Error: Too Many Requests for url: https://raw.githubusercontent.com/lagzian/SS-Collector/main/backup_clash.yaml
2025-05-19 21:21:19,476 - getnode - ERROR - nodesjob.py:69 - 处理链接时发生异常: 处理异常: 429 Client Error: Too Many Requests for url: https://raw.githubusercontent.com/lagzian/SS-Collector/main/reality_clash.yaml
Traceback (most recent call last):
  File "/home/runner/work/getnode/getnode/src/nodesjob.py", line 36, in parse_node_links
    response.raise_for_status()
  File "/opt/hostedtoolcache/Python/3.10.17/x64/lib/python3.10/site-packages/requests/models.py", line 1024, in raise_for_status
    raise HTTPError(http_error_msg, response=self)
requests.exceptions.HTTPError: 429 Client Error: Too Many Requests for url: https://raw.githubusercontent.com/lagzian/SS-Collector/main/reality_clash.yaml
2025-05-19 21:21:20,294 - getnode - ERROR - nodesjob.py:69 - 处理链接时发生异常: 处理异常: 429 Client Error: Too Many Requests for url: https://raw.githubusercontent.com/lagzian/SS-Collector/main/ss_singbox.json
Traceback (most recent call last):
  File "/home/runner/work/getnode/getnode/src/nodesjob.py", line 36, in parse_node_links
    response.raise_for_status()
  File "/opt/hostedtoolcache/Python/3.10.17/x64/lib/python3.10/site-packages/requests/models.py", line 1024, in raise_for_status
    raise HTTPError(http_error_msg, response=self)
requests.exceptions.HTTPError: 429 Client Error: Too Many Requests for url: https://raw.githubusercontent.com/lagzian/SS-Collector/main/ss_singbox.json
2025-05-19 21:21:20,628 - getnode - ERROR - nodesjob.py:69 - 处理链接时发生异常: 处理异常: 429 Client Error: Too Many Requests for url: https://raw.githubusercontent.com/lagzian/SS-Collector/main/vmess_B64.txt
Traceback (most recent call last):
  File "/home/runner/work/getnode/getnode/src/nodesjob.py", line 36, in parse_node_links
    response.raise_for_status()
  File "/opt/hostedtoolcache/Python/3.10.17/x64/lib/python3.10/site-packages/requests/models.py", line 1024, in raise_for_status
    raise HTTPError(http_error_msg, response=self)
requests.exceptions.HTTPError: 429 Client Error: Too Many Requests for url: https://raw.githubusercontent.com/lagzian/SS-Collector/main/vmess_B64.txt
2025-05-19 21:21:20,809 - getnode - ERROR - nodesjob.py:69 - 处理链接时发生异常: 处理异常: 429 Client Error: Too Many Requests for url: https://raw.githubusercontent.com/lagzian/SS-Collector/main/vmess_B64_tvc.txt
Traceback (most recent call last):
  File "/home/runner/work/getnode/getnode/src/nodesjob.py", line 36, in parse_node_links
    response.raise_for_status()
  File "/opt/hostedtoolcache/Python/3.10.17/x64/lib/python3.10/site-packages/requests/models.py", line 1024, in raise_for_status
    raise HTTPError(http_error_msg, response=self)
requests.exceptions.HTTPError: 429 Client Error: Too Many Requests for url: https://raw.githubusercontent.com/lagzian/SS-Collector/main/vmess_B64_tvc.txt
2025-05-19 21:21:20,990 - getnode - ERROR - nodesjob.py:69 - 处理链接时发生异常: 处理异常: 429 Client Error: Too Many Requests for url: https://raw.githubusercontent.com/lagzian/SS-Collector/main/vmess_B64_ye.txt
Traceback (most recent call last):
  File "/home/runner/work/getnode/getnode/src/nodesjob.py", line 36, in parse_node_links
    response.raise_for_status()
  File "/opt/hostedtoolcache/Python/3.10.17/x64/lib/python3.10/site-packages/requests/models.py", line 1024, in raise_for_status
    raise HTTPError(http_error_msg, response=self)
requests.exceptions.HTTPError: 429 Client Error: Too Many Requests for url: https://raw.githubusercontent.com/lagzian/SS-Collector/main/vmess_B64_ye.txt
2025-05-19 21:21:21,368 - getnode - ERROR - nodesjob.py:69 - 处理链接时发生异常: 处理异常: 429 Client Error: Too Many Requests for url: https://raw.githubusercontent.com/lagzian/SS-Collector/main/vmess_singbox.json
Traceback (most recent call last):
  File "/home/runner/work/getnode/getnode/src/nodesjob.py", line 36, in parse_node_links
    response.raise_for_status()
  File "/opt/hostedtoolcache/Python/3.10.17/x64/lib/python3.10/site-packages/requests/models.py", line 1024, in raise_for_status
    raise HTTPError(http_error_msg, response=self)
requests.exceptions.HTTPError: 429 Client Error: Too Many Requests for url: https://raw.githubusercontent.com/lagzian/SS-Collector/main/vmess_singbox.json
2025-05-19 21:21:22,822 - getnode - ERROR - nodesjob.py:69 - 处理链接时发生异常: 处理异常: 429 Client Error: Too Many Requests for url: https://raw.githubusercontent.com/lagzian/SS-Collector/main/vmess_vless_singbox.json
Traceback (most recent call last):
  File "/home/runner/work/getnode/getnode/src/nodesjob.py", line 36, in parse_node_links
    response.raise_for_status()
  File "/opt/hostedtoolcache/Python/3.10.17/x64/lib/python3.10/site-packages/requests/models.py", line 1024, in raise_for_status
    raise HTTPError(http_error_msg, response=self)
requests.exceptions.HTTPError: 429 Client Error: Too Many Requests for url: https://raw.githubusercontent.com/lagzian/SS-Collector/main/vmess_vless_singbox.json
2025-05-19 21:21:22,903 - getnode - ERROR - nodesjob.py:69 - 处理链接时发生异常: 处理异常: 429 Client Error: Too Many Requests for url: https://raw.githubusercontent.com/lagzian/SS-Collector/main/vmess_ye.txt
Traceback (most recent call last):
  File "/home/runner/work/getnode/getnode/src/nodesjob.py", line 36, in parse_node_links
    response.raise_for_status()
  File "/opt/hostedtoolcache/Python/3.10.17/x64/lib/python3.10/site-packages/requests/models.py", line 1024, in raise_for_status
    raise HTTPError(http_error_msg, response=self)
requests.exceptions.HTTPError: 429 Client Error: Too Many Requests for url: https://raw.githubusercontent.com/lagzian/SS-Collector/main/vmess_ye.txt
2025-05-19 21:21:23,070 - getnode - ERROR - nodesjob.py:69 - 处理链接时发生异常: 处理异常: 429 Client Error: Too Many Requests for url: https://raw.githubusercontent.com/lagzian/SS-Collector/main/vmess_ye_clash.yaml
Traceback (most recent call last):
  File "/home/runner/work/getnode/getnode/src/nodesjob.py", line 36, in parse_node_links
    response.raise_for_status()
  File "/opt/hostedtoolcache/Python/3.10.17/x64/lib/python3.10/site-packages/requests/models.py", line 1024, in raise_for_status
    raise HTTPError(http_error_msg, response=self)
requests.exceptions.HTTPError: 429 Client Error: Too Many Requests for url: https://raw.githubusercontent.com/lagzian/SS-Collector/main/vmess_ye_clash.yaml
2025-05-19 21:21:23,355 - getnode - ERROR - nodesjob.py:69 - 处理链接时发生异常: 处理异常: 429 Client Error: Too Many Requests for url: https://raw.githubusercontent.com/nyeinkokoaung404/V2ray-Configs/main/Sub1.txt
Traceback (most recent call last):
  File "/home/runner/work/getnode/getnode/src/nodesjob.py", line 36, in parse_node_links
    response.raise_for_status()
  File "/opt/hostedtoolcache/Python/3.10.17/x64/lib/python3.10/site-packages/requests/models.py", line 1024, in raise_for_status
    raise HTTPError(http_error_msg, response=self)
requests.exceptions.HTTPError: 429 Client Error: Too Many Requests for url: https://raw.githubusercontent.com/nyeinkokoaung404/V2ray-Configs/main/Sub1.txt
2025-05-19 21:21:23,442 - getnode - ERROR - nodesjob.py:69 - 处理链接时发生异常: 处理异常: 429 Client Error: Too Many Requests for url: https://raw.githubusercontent.com/nyeinkokoaung404/V2ray-Configs/main/Sub10.txt
Traceback (most recent call last):
  File "/home/runner/work/getnode/getnode/src/nodesjob.py", line 36, in parse_node_links
    response.raise_for_status()
  File "/opt/hostedtoolcache/Python/3.10.17/x64/lib/python3.10/site-packages/requests/models.py", line 1024, in raise_for_status
    raise HTTPError(http_error_msg, response=self)
requests.exceptions.HTTPError: 429 Client Error: Too Many Requests for url: https://raw.githubusercontent.com/nyeinkokoaung404/V2ray-Configs/main/Sub10.txt
2025-05-19 21:21:24,021 - getnode - ERROR - nodesjob.py:69 - 处理链接时发生异常: 处理异常: 429 Client Error: Too Many Requests for url: https://raw.githubusercontent.com/nyeinkokoaung404/V2ray-Configs/main/Sub12.txt
Traceback (most recent call last):
  File "/home/runner/work/getnode/getnode/src/nodesjob.py", line 36, in parse_node_links
    response.raise_for_status()
  File "/opt/hostedtoolcache/Python/3.10.17/x64/lib/python3.10/site-packages/requests/models.py", line 1024, in raise_for_status
    raise HTTPError(http_error_msg, response=self)
requests.exceptions.HTTPError: 429 Client Error: Too Many Requests for url: https://raw.githubusercontent.com/nyeinkokoaung404/V2ray-Configs/main/Sub12.txt
2025-05-19 21:21:24,490 - getnode - ERROR - nodesjob.py:69 - 处理链接时发生异常: 处理异常: 429 Client Error: Too Many Requests for url: https://raw.githubusercontent.com/nyeinkokoaung404/V2ray-Configs/main/Sub14.txt
Traceback (most recent call last):
  File "/home/runner/work/getnode/getnode/src/nodesjob.py", line 36, in parse_node_links
    response.raise_for_status()
  File "/opt/hostedtoolcache/Python/3.10.17/x64/lib/python3.10/site-packages/requests/models.py", line 1024, in raise_for_status
    raise HTTPError(http_error_msg, response=self)
requests.exceptions.HTTPError: 429 Client Error: Too Many Requests for url: https://raw.githubusercontent.com/nyeinkokoaung404/V2ray-Configs/main/Sub14.txt
2025-05-19 21:21:24,829 - getnode - ERROR - nodesjob.py:69 - 处理链接时发生异常: 处理异常: 429 Client Error: Too Many Requests for url: https://raw.githubusercontent.com/nyeinkokoaung404/V2ray-Configs/main/Sub16.txt
Traceback (most recent call last):
  File "/home/runner/work/getnode/getnode/src/nodesjob.py", line 36, in parse_node_links
    response.raise_for_status()
  File "/opt/hostedtoolcache/Python/3.10.17/x64/lib/python3.10/site-packages/requests/models.py", line 1024, in raise_for_status
    raise HTTPError(http_error_msg, response=self)
requests.exceptions.HTTPError: 429 Client Error: Too Many Requests for url: https://raw.githubusercontent.com/nyeinkokoaung404/V2ray-Configs/main/Sub16.txt
2025-05-19 21:21:25,289 - getnode - ERROR - nodesjob.py:69 - 处理链接时发生异常: 处理异常: 429 Client Error: Too Many Requests for url: https://raw.githubusercontent.com/nyeinkokoaung404/V2ray-Configs/main/Sub18.txt
Traceback (most recent call last):
  File "/home/runner/work/getnode/getnode/src/nodesjob.py", line 36, in parse_node_links
    response.raise_for_status()
  File "/opt/hostedtoolcache/Python/3.10.17/x64/lib/python3.10/site-packages/requests/models.py", line 1024, in raise_for_status
    raise HTTPError(http_error_msg, response=self)
requests.exceptions.HTTPError: 429 Client Error: Too Many Requests for url: https://raw.githubusercontent.com/nyeinkokoaung404/V2ray-Configs/main/Sub18.txt
2025-05-19 21:21:25,769 - getnode - ERROR - nodesjob.py:69 - 处理链接时发生异常: 处理异常: 429 Client Error: Too Many Requests for url: https://raw.githubusercontent.com/nyeinkokoaung404/V2ray-Configs/main/Sub3.txt
Traceback (most recent call last):
  File "/home/runner/work/getnode/getnode/src/nodesjob.py", line 36, in parse_node_links
    response.raise_for_status()
  File "/opt/hostedtoolcache/Python/3.10.17/x64/lib/python3.10/site-packages/requests/models.py", line 1024, in raise_for_status
    raise HTTPError(http_error_msg, response=self)
requests.exceptions.HTTPError: 429 Client Error: Too Many Requests for url: https://raw.githubusercontent.com/nyeinkokoaung404/V2ray-Configs/main/Sub3.txt
2025-05-19 21:21:26,733 - getnode - ERROR - nodesjob.py:69 - 处理链接时发生异常: 处理异常: 429 Client Error: Too Many Requests for url: https://raw.githubusercontent.com/nyeinkokoaung404/V2ray-Configs/main/Sub7.txt
Traceback (most recent call last):
  File "/home/runner/work/getnode/getnode/src/nodesjob.py", line 36, in parse_node_links
    response.raise_for_status()
  File "/opt/hostedtoolcache/Python/3.10.17/x64/lib/python3.10/site-packages/requests/models.py", line 1024, in raise_for_status
    raise HTTPError(http_error_msg, response=self)
requests.exceptions.HTTPError: 429 Client Error: Too Many Requests for url: https://raw.githubusercontent.com/nyeinkokoaung404/V2ray-Configs/main/Sub7.txt
2025-05-19 21:21:26,909 - getnode - ERROR - nodesjob.py:69 - 处理链接时发生异常: 处理异常: 429 Client Error: Too Many Requests for url: https://raw.githubusercontent.com/nyeinkokoaung404/V2ray-Configs/main/Sub8.txt
Traceback (most recent call last):
  File "/home/runner/work/getnode/getnode/src/nodesjob.py", line 36, in parse_node_links
    response.raise_for_status()
  File "/opt/hostedtoolcache/Python/3.10.17/x64/lib/python3.10/site-packages/requests/models.py", line 1024, in raise_for_status
    raise HTTPError(http_error_msg, response=self)
requests.exceptions.HTTPError: 429 Client Error: Too Many Requests for url: https://raw.githubusercontent.com/nyeinkokoaung404/V2ray-Configs/main/Sub8.txt
2025-05-19 21:21:26,989 - getnode - ERROR - nodesjob.py:69 - 处理链接时发生异常: 处理异常: 429 Client Error: Too Many Requests for url: https://raw.githubusercontent.com/nyeinkokoaung404/V2ray-Configs/main/Sub9.txt
Traceback (most recent call last):
  File "/home/runner/work/getnode/getnode/src/nodesjob.py", line 36, in parse_node_links
    response.raise_for_status()
  File "/opt/hostedtoolcache/Python/3.10.17/x64/lib/python3.10/site-packages/requests/models.py", line 1024, in raise_for_status
    raise HTTPError(http_error_msg, response=self)
requests.exceptions.HTTPError: 429 Client Error: Too Many Requests for url: https://raw.githubusercontent.com/nyeinkokoaung404/V2ray-Configs/main/Sub9.txt
2025-05-19 21:21:27,070 - getnode - ERROR - nodesjob.py:69 - 处理链接时发生异常: 处理异常: 429 Client Error: Too Many Requests for url: https://raw.githubusercontent.com/nyeinkokoaung404/V2ray-Configs/main/Warp_sub.txt
Traceback (most recent call last):
  File "/home/runner/work/getnode/getnode/src/nodesjob.py", line 36, in parse_node_links
    response.raise_for_status()
  File "/opt/hostedtoolcache/Python/3.10.17/x64/lib/python3.10/site-packages/requests/models.py", line 1024, in raise_for_status
    raise HTTPError(http_error_msg, response=self)
requests.exceptions.HTTPError: 429 Client Error: Too Many Requests for url: https://raw.githubusercontent.com/nyeinkokoaung404/V2ray-Configs/main/Warp_sub.txt
2025-05-19 21:21:27,362 - getnode - ERROR - nodesjob.py:69 - 处理链接时发生异常: 处理异常: 429 Client Error: Too Many Requests for url: https://raw.githubusercontent.com/barry-far/V2ray-Configs/main/Sub10.txt
Traceback (most recent call last):
  File "/home/runner/work/getnode/getnode/src/nodesjob.py", line 36, in parse_node_links
    response.raise_for_status()
  File "/opt/hostedtoolcache/Python/3.10.17/x64/lib/python3.10/site-packages/requests/models.py", line 1024, in raise_for_status
    raise HTTPError(http_error_msg, response=self)
requests.exceptions.HTTPError: 429 Client Error: Too Many Requests for url: https://raw.githubusercontent.com/barry-far/V2ray-Configs/main/Sub10.txt
2025-05-19 21:21:27,438 - getnode - ERROR - nodesjob.py:69 - 处理链接时发生异常: 处理异常: 429 Client Error: Too Many Requests for url: https://raw.githubusercontent.com/barry-far/V2ray-Configs/main/Sub11.txt
Traceback (most recent call last):
  File "/home/runner/work/getnode/getnode/src/nodesjob.py", line 36, in parse_node_links
    response.raise_for_status()
  File "/opt/hostedtoolcache/Python/3.10.17/x64/lib/python3.10/site-packages/requests/models.py", line 1024, in raise_for_status
    raise HTTPError(http_error_msg, response=self)
requests.exceptions.HTTPError: 429 Client Error: Too Many Requests for url: https://raw.githubusercontent.com/barry-far/V2ray-Configs/main/Sub11.txt
2025-05-19 21:21:27,697 - getnode - ERROR - nodesjob.py:69 - 处理链接时发生异常: 处理异常: 429 Client Error: Too Many Requests for url: https://raw.githubusercontent.com/barry-far/V2ray-Configs/main/Sub13.txt
Traceback (most recent call last):
  File "/home/runner/work/getnode/getnode/src/nodesjob.py", line 36, in parse_node_links
    response.raise_for_status()
  File "/opt/hostedtoolcache/Python/3.10.17/x64/lib/python3.10/site-packages/requests/models.py", line 1024, in raise_for_status
    raise HTTPError(http_error_msg, response=self)
requests.exceptions.HTTPError: 429 Client Error: Too Many Requests for url: https://raw.githubusercontent.com/barry-far/V2ray-Configs/main/Sub13.txt
2025-05-19 21:21:28,100 - getnode - ERROR - nodesjob.py:69 - 处理链接时发生异常: 处理异常: 429 Client Error: Too Many Requests for url: https://raw.githubusercontent.com/barry-far/V2ray-Configs/main/Sub15.txt
Traceback (most recent call last):
  File "/home/runner/work/getnode/getnode/src/nodesjob.py", line 36, in parse_node_links
    response.raise_for_status()
  File "/opt/hostedtoolcache/Python/3.10.17/x64/lib/python3.10/site-packages/requests/models.py", line 1024, in raise_for_status
    raise HTTPError(http_error_msg, response=self)
requests.exceptions.HTTPError: 429 Client Error: Too Many Requests for url: https://raw.githubusercontent.com/barry-far/V2ray-Configs/main/Sub15.txt
2025-05-19 21:21:28,418 - getnode - ERROR - nodesjob.py:69 - 处理链接时发生异常: 处理异常: 429 Client Error: Too Many Requests for url: https://raw.githubusercontent.com/barry-far/V2ray-Configs/main/Sub17.txt
Traceback (most recent call last):
  File "/home/runner/work/getnode/getnode/src/nodesjob.py", line 36, in parse_node_links
    response.raise_for_status()
  File "/opt/hostedtoolcache/Python/3.10.17/x64/lib/python3.10/site-packages/requests/models.py", line 1024, in raise_for_status
    raise HTTPError(http_error_msg, response=self)
requests.exceptions.HTTPError: 429 Client Error: Too Many Requests for url: https://raw.githubusercontent.com/barry-far/V2ray-Configs/main/Sub17.txt
2025-05-19 21:21:28,589 - getnode - ERROR - nodesjob.py:69 - 处理链接时发生异常: 处理异常: 429 Client Error: Too Many Requests for url: https://raw.githubusercontent.com/barry-far/V2ray-Configs/main/Sub18.txt
Traceback (most recent call last):
  File "/home/runner/work/getnode/getnode/src/nodesjob.py", line 36, in parse_node_links
    response.raise_for_status()
  File "/opt/hostedtoolcache/Python/3.10.17/x64/lib/python3.10/site-packages/requests/models.py", line 1024, in raise_for_status
    raise HTTPError(http_error_msg, response=self)
requests.exceptions.HTTPError: 429 Client Error: Too Many Requests for url: https://raw.githubusercontent.com/barry-far/V2ray-Configs/main/Sub18.txt
2025-05-19 21:21:29,001 - getnode - ERROR - nodesjob.py:69 - 处理链接时发生异常: 处理异常: 429 Client Error: Too Many Requests for url: https://raw.githubusercontent.com/barry-far/V2ray-Configs/main/Sub3.txt
Traceback (most recent call last):
  File "/home/runner/work/getnode/getnode/src/nodesjob.py", line 36, in parse_node_links
    response.raise_for_status()
  File "/opt/hostedtoolcache/Python/3.10.17/x64/lib/python3.10/site-packages/requests/models.py", line 1024, in raise_for_status
    raise HTTPError(http_error_msg, response=self)
requests.exceptions.HTTPError: 429 Client Error: Too Many Requests for url: https://raw.githubusercontent.com/barry-far/V2ray-Configs/main/Sub3.txt
2025-05-19 21:21:29,074 - getnode - ERROR - nodesjob.py:69 - 处理链接时发生异常: 处理异常: 429 Client Error: Too Many Requests for url: https://raw.githubusercontent.com/barry-far/V2ray-Configs/main/Sub4.txt
Traceback (most recent call last):
  File "/home/runner/work/getnode/getnode/src/nodesjob.py", line 36, in parse_node_links
    response.raise_for_status()
  File "/opt/hostedtoolcache/Python/3.10.17/x64/lib/python3.10/site-packages/requests/models.py", line 1024, in raise_for_status
    raise HTTPError(http_error_msg, response=self)
requests.exceptions.HTTPError: 429 Client Error: Too Many Requests for url: https://raw.githubusercontent.com/barry-far/V2ray-Configs/main/Sub4.txt
2025-05-19 21:21:29,854 - getnode - ERROR - nodesjob.py:69 - 处理链接时发生异常: 处理异常: 429 Client Error: Too Many Requests for url: https://raw.githubusercontent.com/barry-far/V2ray-Configs/main/Sub8.txt
Traceback (most recent call last):
  File "/home/runner/work/getnode/getnode/src/nodesjob.py", line 36, in parse_node_links
    response.raise_for_status()
  File "/opt/hostedtoolcache/Python/3.10.17/x64/lib/python3.10/site-packages/requests/models.py", line 1024, in raise_for_status
    raise HTTPError(http_error_msg, response=self)
requests.exceptions.HTTPError: 429 Client Error: Too Many Requests for url: https://raw.githubusercontent.com/barry-far/V2ray-Configs/main/Sub8.txt
2025-05-19 21:21:30,411 - getnode - ERROR - nodesjob.py:69 - 处理链接时发生异常: 处理异常: 429 Client Error: Too Many Requests for url: https://raw.githubusercontent.com/barry-far/V2ray-Configs/main/Warp_sub.txt
Traceback (most recent call last):
  File "/home/runner/work/getnode/getnode/src/nodesjob.py", line 36, in parse_node_links
    response.raise_for_status()
  File "/opt/hostedtoolcache/Python/3.10.17/x64/lib/python3.10/site-packages/requests/models.py", line 1024, in raise_for_status
    raise HTTPError(http_error_msg, response=self)
requests.exceptions.HTTPError: 429 Client Error: Too Many Requests for url: https://raw.githubusercontent.com/barry-far/V2ray-Configs/main/Warp_sub.txt
2025-05-19 21:21:31,889 - getnode - ERROR - nodesjob.py:69 - 处理链接时发生异常: 处理异常: 429 Client Error: Too Many Requests for url: https://raw.githubusercontent.com/Epodonios/v2ray-configs/main/Sub12.txt
Traceback (most recent call last):
  File "/home/runner/work/getnode/getnode/src/nodesjob.py", line 36, in parse_node_links
    response.raise_for_status()
  File "/opt/hostedtoolcache/Python/3.10.17/x64/lib/python3.10/site-packages/requests/models.py", line 1024, in raise_for_status
    raise HTTPError(http_error_msg, response=self)
requests.exceptions.HTTPError: 429 Client Error: Too Many Requests for url: https://raw.githubusercontent.com/Epodonios/v2ray-configs/main/Sub12.txt
2025-05-19 21:21:34,375 - getnode - ERROR - nodesjob.py:69 - 处理链接时发生异常: 处理异常: 429 Client Error: Too Many Requests for url: https://raw.githubusercontent.com/Epodonios/v2ray-configs/main/Sub20.txt
Traceback (most recent call last):
  File "/home/runner/work/getnode/getnode/src/nodesjob.py", line 36, in parse_node_links
    response.raise_for_status()
  File "/opt/hostedtoolcache/Python/3.10.17/x64/lib/python3.10/site-packages/requests/models.py", line 1024, in raise_for_status
    raise HTTPError(http_error_msg, response=self)
requests.exceptions.HTTPError: 429 Client Error: Too Many Requests for url: https://raw.githubusercontent.com/Epodonios/v2ray-configs/main/Sub20.txt
2025-05-19 21:21:34,452 - getnode - ERROR - nodesjob.py:69 - 处理链接时发生异常: 处理异常: 429 Client Error: Too Many Requests for url: https://raw.githubusercontent.com/Epodonios/v2ray-configs/main/Sub21.txt
Traceback (most recent call last):
  File "/home/runner/work/getnode/getnode/src/nodesjob.py", line 36, in parse_node_links
    response.raise_for_status()
  File "/opt/hostedtoolcache/Python/3.10.17/x64/lib/python3.10/site-packages/requests/models.py", line 1024, in raise_for_status
    raise HTTPError(http_error_msg, response=self)
requests.exceptions.HTTPError: 429 Client Error: Too Many Requests for url: https://raw.githubusercontent.com/Epodonios/v2ray-configs/main/Sub21.txt
2025-05-19 21:21:35,327 - getnode - ERROR - nodesjob.py:69 - 处理链接时发生异常: 处理异常: 429 Client Error: Too Many Requests for url: https://raw.githubusercontent.com/Epodonios/v2ray-configs/main/Sub5.txt
Traceback (most recent call last):
  File "/home/runner/work/getnode/getnode/src/nodesjob.py", line 36, in parse_node_links
    response.raise_for_status()
  File "/opt/hostedtoolcache/Python/3.10.17/x64/lib/python3.10/site-packages/requests/models.py", line 1024, in raise_for_status
    raise HTTPError(http_error_msg, response=self)
requests.exceptions.HTTPError: 429 Client Error: Too Many Requests for url: https://raw.githubusercontent.com/Epodonios/v2ray-configs/main/Sub5.txt
2025-05-19 21:21:54,772 - getnode - INFO - nodesjob.py:74 - 链接处理完成。成功: 76, 失败: 120
2025-05-19 21:22:10,116 - getnode - INFO - history_manager.py:22 - 成功加载历史节点数量: 34118
2025-05-19 21:22:10,116 - getnode - INFO - history_manager.py:33 - 新节点：18661, 历史节点：34118
2025-05-19 21:22:10,538 - getnode - INFO - history_manager.py:52 - 合并后总节点数: 37351
2025-05-19 21:22:10,540 - getnode - INFO - nodesjob.py:560 - 开始保存节点结果到目录: output/all_subs
2025-05-19 21:22:10,877 - getnode - INFO - nodesjob.py:578 - 开始写入输出文件...
2025-05-19 21:22:29,608 - getnode - INFO - nodesjob.py:587 - 成功生成订阅文件，总节点数: 37026
2025-05-19 21:22:29,619 - getnode - INFO - tester.py:74 - === 批量测试开始 | 总节点数: 37351 ===
2025-05-19 21:39:21,709 - getnode - INFO - tester.py:103 - === 批量测试完成 | 有效节点: 12911 (成功率: 34.6%) ===
2025-05-19 21:39:21,710 - getnode - INFO - nodesjob.py:560 - 开始保存节点结果到目录: output/speedtest
2025-05-19 21:39:21,813 - getnode - INFO - nodesjob.py:578 - 开始写入输出文件...
2025-05-19 21:39:27,529 - getnode - INFO - nodesjob.py:587 - 成功生成订阅文件，总节点数: 12586
2025-05-19 21:39:27,762 - getnode - INFO - main.py:79 - 
=== 文件处理统计 ===
• 扫描文件总数: 16172
• 因大小跳过:   542 (3.4%)
• 有效处理文件: 15630
=== 节点处理统计 ===
• 扫描节点总数: 69561
• 节点去重数:   32210
• 真实节点数:   37351

2025-05-20 21:15:31,746 - getnode - INFO - main.py:25 - === 开始执行爬虫任务 ===
2025-05-20 21:15:54,174 - getnode - INFO - crawler.py:130 - 仓库搜索完成 | 总扫描仓库: 342 有效仓库: 180 跳过: 162
2025-05-20 21:15:54,174 - getnode - INFO - main.py:30 - 发现 180 个相关仓库
2025-05-20 21:15:54,174 - getnode - INFO - main.py:34 - 开始收集节点文件...
2025-05-20 21:16:01,811 - getnode - INFO - crawler.py:50 - 已使用API次数: 100/小时
2025-05-20 21:16:12,613 - getnode - INFO - crawler.py:50 - 已使用API次数: 200/小时
2025-05-20 21:16:21,513 - getnode - INFO - crawler.py:50 - 已使用API次数: 300/小时
2025-05-20 21:16:30,271 - getnode - INFO - crawler.py:50 - 已使用API次数: 400/小时
2025-05-20 21:16:39,910 - getnode - INFO - crawler.py:50 - 已使用API次数: 500/小时
2025-05-20 21:16:49,903 - getnode - INFO - crawler.py:50 - 已使用API次数: 600/小时
2025-05-20 21:17:00,361 - getnode - INFO - crawler.py:50 - 已使用API次数: 700/小时
2025-05-20 21:17:10,441 - getnode - INFO - crawler.py:50 - 已使用API次数: 800/小时
2025-05-20 21:17:20,846 - getnode - INFO - crawler.py:50 - 已使用API次数: 900/小时
2025-05-20 21:17:32,453 - getnode - INFO - crawler.py:50 - 已使用API次数: 1000/小时
2025-05-20 21:17:41,553 - getnode - INFO - crawler.py:50 - 已使用API次数: 1100/小时
2025-05-20 21:17:51,160 - getnode - INFO - crawler.py:50 - 已使用API次数: 1200/小时
2025-05-20 21:17:59,566 - getnode - INFO - crawler.py:50 - 已使用API次数: 1300/小时
2025-05-20 21:18:08,033 - getnode - INFO - crawler.py:50 - 已使用API次数: 1400/小时
2025-05-20 21:18:16,742 - getnode - INFO - crawler.py:50 - 已使用API次数: 1500/小时
2025-05-20 21:18:25,213 - getnode - INFO - crawler.py:50 - 已使用API次数: 1600/小时
2025-05-20 21:18:26,132 - getnode - INFO - main.py:38 - 总共发现 221 个节点文件
2025-05-20 21:18:26,133 - getnode - INFO - nodesjob.py:18 - 开始处理链接集合，共 221 个链接
2025-05-20 21:18:54,806 - getnode - INFO - nodesjob.py:74 - 链接处理完成。成功: 159, 失败: 62
2025-05-20 21:19:12,245 - getnode - INFO - history_manager.py:22 - 成功加载历史节点数量: 37351
2025-05-20 21:19:12,245 - getnode - INFO - history_manager.py:33 - 新节点：31438, 历史节点：37351
2025-05-20 21:19:12,785 - getnode - INFO - history_manager.py:52 - 合并后总节点数: 53730
2025-05-20 21:19:12,788 - getnode - INFO - nodesjob.py:560 - 开始保存节点结果到目录: output/all_subs
2025-05-20 21:19:13,271 - getnode - INFO - nodesjob.py:578 - 开始写入输出文件...
2025-05-20 21:19:38,921 - getnode - INFO - nodesjob.py:587 - 成功生成订阅文件，总节点数: 53393
2025-05-20 21:19:38,937 - getnode - INFO - tester.py:74 - === 批量测试开始 | 总节点数: 53730 ===
2025-05-20 21:44:36,710 - getnode - INFO - tester.py:103 - === 批量测试完成 | 有效节点: 15293 (成功率: 28.5%) ===
2025-05-20 21:44:36,710 - getnode - INFO - nodesjob.py:560 - 开始保存节点结果到目录: output/speedtest
2025-05-20 21:44:36,832 - getnode - INFO - nodesjob.py:578 - 开始写入输出文件...
2025-05-20 21:44:43,560 - getnode - INFO - nodesjob.py:587 - 成功生成订阅文件，总节点数: 14956
2025-05-20 21:44:43,855 - getnode - INFO - main.py:79 - 
=== 文件处理统计 ===
• 扫描文件总数: 11607
• 因大小跳过:   194 (1.7%)
• 有效处理文件: 11413
=== 节点处理统计 ===
• 扫描节点总数: 104305
• 节点去重数:   50575
• 真实节点数:   53730

2025-05-21 21:15:26,276 - getnode - INFO - main.py:25 - === 开始执行爬虫任务 ===
2025-05-21 21:15:52,406 - getnode - INFO - crawler.py:130 - 仓库搜索完成 | 总扫描仓库: 365 有效仓库: 180 跳过: 185
2025-05-21 21:15:52,406 - getnode - INFO - main.py:30 - 发现 180 个相关仓库
2025-05-21 21:15:52,406 - getnode - INFO - main.py:34 - 开始收集节点文件...
2025-05-21 21:16:02,542 - getnode - INFO - crawler.py:50 - 已使用API次数: 100/小时
2025-05-21 21:16:15,221 - getnode - INFO - crawler.py:50 - 已使用API次数: 200/小时
2025-05-21 21:16:26,927 - getnode - INFO - crawler.py:50 - 已使用API次数: 300/小时
2025-05-21 21:16:41,092 - getnode - INFO - crawler.py:50 - 已使用API次数: 400/小时
2025-05-21 21:16:53,144 - getnode - INFO - crawler.py:50 - 已使用API次数: 500/小时
2025-05-21 21:17:05,688 - getnode - INFO - crawler.py:50 - 已使用API次数: 600/小时
2025-05-21 21:17:18,035 - getnode - INFO - crawler.py:50 - 已使用API次数: 700/小时
2025-05-21 21:17:30,653 - getnode - INFO - crawler.py:50 - 已使用API次数: 800/小时
2025-05-21 21:17:44,331 - getnode - INFO - crawler.py:50 - 已使用API次数: 900/小时
2025-05-21 21:17:57,213 - getnode - INFO - crawler.py:50 - 已使用API次数: 1000/小时
2025-05-21 21:18:09,770 - getnode - INFO - crawler.py:50 - 已使用API次数: 1100/小时
2025-05-21 21:18:22,904 - getnode - INFO - crawler.py:50 - 已使用API次数: 1200/小时
2025-05-21 21:18:35,128 - getnode - INFO - crawler.py:50 - 已使用API次数: 1300/小时
2025-05-21 21:18:46,874 - getnode - INFO - crawler.py:50 - 已使用API次数: 1400/小时
2025-05-21 21:18:58,785 - getnode - INFO - crawler.py:50 - 已使用API次数: 1500/小时
2025-05-21 21:19:10,666 - getnode - INFO - crawler.py:50 - 已使用API次数: 1600/小时
2025-05-21 21:19:23,939 - getnode - INFO - crawler.py:50 - 已使用API次数: 1700/小时
2025-05-21 21:19:35,869 - getnode - INFO - crawler.py:50 - 已使用API次数: 1800/小时
2025-05-21 21:19:48,184 - getnode - INFO - crawler.py:50 - 已使用API次数: 1900/小时
2025-05-21 21:19:55,215 - getnode - INFO - main.py:38 - 总共发现 199 个节点文件
2025-05-21 21:19:55,215 - getnode - INFO - nodesjob.py:18 - 开始处理链接集合，共 199 个链接
2025-05-21 21:20:54,083 - getnode - INFO - nodesjob.py:74 - 链接处理完成。成功: 125, 失败: 74
2025-05-21 21:21:19,002 - getnode - INFO - history_manager.py:22 - 成功加载历史节点数量: 53730
2025-05-21 21:21:19,002 - getnode - INFO - history_manager.py:33 - 新节点：18579, 历史节点：53730
2025-05-21 21:21:19,584 - getnode - INFO - history_manager.py:52 - 合并后总节点数: 56118
2025-05-21 21:21:19,587 - getnode - INFO - nodesjob.py:560 - 开始保存节点结果到目录: output/all_subs
2025-05-21 21:21:20,110 - getnode - INFO - nodesjob.py:578 - 开始写入输出文件...
2025-05-21 21:21:47,789 - getnode - INFO - nodesjob.py:587 - 成功生成订阅文件，总节点数: 55710
2025-05-21 21:21:47,807 - getnode - INFO - tester.py:74 - === 批量测试开始 | 总节点数: 56118 ===
2025-05-21 21:48:51,426 - getnode - INFO - tester.py:103 - === 批量测试完成 | 有效节点: 16150 (成功率: 28.8%) ===
2025-05-21 21:48:51,427 - getnode - INFO - nodesjob.py:560 - 开始保存节点结果到目录: output/speedtest
2025-05-21 21:48:51,555 - getnode - INFO - nodesjob.py:578 - 开始写入输出文件...
2025-05-21 21:48:58,712 - getnode - INFO - nodesjob.py:587 - 成功生成订阅文件，总节点数: 15742
2025-05-21 21:48:59,022 - getnode - INFO - main.py:79 - 
=== 文件处理统计 ===
• 扫描文件总数: 14268
• 因大小跳过:   198 (1.4%)
• 有效处理文件: 14070
=== 节点处理统计 ===
• 扫描节点总数: 107075
• 节点去重数:   50957
• 真实节点数:   56118

2025-05-22 21:15:53,062 - getnode - INFO - main.py:25 - === 开始执行爬虫任务 ===
2025-05-22 21:16:19,445 - getnode - INFO - crawler.py:130 - 仓库搜索完成 | 总扫描仓库: 386 有效仓库: 180 跳过: 206
2025-05-22 21:16:19,446 - getnode - INFO - main.py:30 - 发现 180 个相关仓库
2025-05-22 21:16:19,446 - getnode - INFO - main.py:34 - 开始收集节点文件...
2025-05-22 21:16:34,054 - getnode - INFO - crawler.py:50 - 已使用API次数: 100/小时
2025-05-22 21:16:53,337 - getnode - INFO - crawler.py:50 - 已使用API次数: 200/小时
2025-05-22 21:17:10,817 - getnode - INFO - crawler.py:50 - 已使用API次数: 300/小时
2025-05-22 21:17:28,988 - getnode - INFO - crawler.py:50 - 已使用API次数: 400/小时
2025-05-22 21:17:46,878 - getnode - INFO - crawler.py:50 - 已使用API次数: 500/小时
2025-05-22 21:18:04,854 - getnode - INFO - crawler.py:50 - 已使用API次数: 600/小时
2025-05-22 21:18:22,258 - getnode - INFO - crawler.py:50 - 已使用API次数: 700/小时
2025-05-22 21:18:40,297 - getnode - INFO - crawler.py:50 - 已使用API次数: 800/小时
2025-05-22 21:18:57,884 - getnode - INFO - crawler.py:50 - 已使用API次数: 900/小时
2025-05-22 21:19:16,332 - getnode - INFO - crawler.py:50 - 已使用API次数: 1000/小时
2025-05-22 21:19:37,279 - getnode - INFO - crawler.py:50 - 已使用API次数: 1100/小时
2025-05-22 21:20:06,798 - getnode - INFO - crawler.py:50 - 已使用API次数: 1200/小时
2025-05-22 21:20:25,760 - getnode - INFO - crawler.py:50 - 已使用API次数: 1300/小时
2025-05-22 21:20:47,095 - getnode - INFO - crawler.py:50 - 已使用API次数: 1400/小时
2025-05-22 21:21:03,972 - getnode - INFO - crawler.py:50 - 已使用API次数: 1500/小时
2025-05-22 21:21:21,033 - getnode - INFO - crawler.py:50 - 已使用API次数: 1600/小时
2025-05-22 21:21:37,879 - getnode - INFO - crawler.py:50 - 已使用API次数: 1700/小时
2025-05-22 21:21:44,620 - getnode - INFO - main.py:38 - 总共发现 206 个节点文件
2025-05-22 21:21:44,620 - getnode - INFO - nodesjob.py:18 - 开始处理链接集合，共 206 个链接
2025-05-22 21:22:36,195 - getnode - INFO - nodesjob.py:74 - 链接处理完成。成功: 144, 失败: 62
2025-05-22 21:23:01,748 - getnode - INFO - history_manager.py:22 - 成功加载历史节点数量: 56118
2025-05-22 21:23:01,748 - getnode - INFO - history_manager.py:33 - 新节点：30238, 历史节点：56118
2025-05-22 21:23:02,481 - getnode - INFO - history_manager.py:52 - 合并后总节点数: 70333
2025-05-22 21:23:02,484 - getnode - INFO - nodesjob.py:560 - 开始保存节点结果到目录: output/all_subs
2025-05-22 21:23:03,127 - getnode - INFO - nodesjob.py:578 - 开始写入输出文件...
2025-05-22 21:23:38,304 - getnode - INFO - nodesjob.py:587 - 成功生成订阅文件，总节点数: 69866
2025-05-22 21:23:38,326 - getnode - INFO - tester.py:74 - === 批量测试开始 | 总节点数: 70333 ===
2025-05-22 21:57:43,836 - getnode - INFO - tester.py:103 - === 批量测试完成 | 有效节点: 17366 (成功率: 24.7%) ===
2025-05-22 21:57:43,837 - getnode - INFO - nodesjob.py:560 - 开始保存节点结果到目录: output/speedtest
2025-05-22 21:57:43,977 - getnode - INFO - nodesjob.py:578 - 开始写入输出文件...
2025-05-22 21:57:52,006 - getnode - INFO - nodesjob.py:587 - 成功生成订阅文件，总节点数: 16899
2025-05-22 21:57:52,334 - getnode - INFO - main.py:79 - 
=== 文件处理统计 ===
• 扫描文件总数: 11579
• 因大小跳过:   178 (1.5%)
• 有效处理文件: 11401
=== 节点处理统计 ===
• 扫描节点总数: 124438
• 节点去重数:   54105
• 真实节点数:   70333

2025-05-23 21:13:25,732 - getnode - INFO - main.py:25 - === 开始执行爬虫任务 ===
2025-05-23 21:13:52,475 - getnode - INFO - crawler.py:130 - 仓库搜索完成 | 总扫描仓库: 409 有效仓库: 180 跳过: 229
2025-05-23 21:13:52,475 - getnode - INFO - main.py:30 - 发现 180 个相关仓库
2025-05-23 21:13:52,475 - getnode - INFO - main.py:34 - 开始收集节点文件...
2025-05-23 21:13:59,910 - getnode - INFO - crawler.py:50 - 已使用API次数: 100/小时
2025-05-23 21:14:09,086 - getnode - INFO - crawler.py:50 - 已使用API次数: 200/小时
2025-05-23 21:14:17,976 - getnode - INFO - crawler.py:50 - 已使用API次数: 300/小时
2025-05-23 21:14:27,678 - getnode - INFO - crawler.py:50 - 已使用API次数: 400/小时
2025-05-23 21:14:38,207 - getnode - INFO - crawler.py:50 - 已使用API次数: 500/小时
2025-05-23 21:14:47,878 - getnode - INFO - crawler.py:50 - 已使用API次数: 600/小时
2025-05-23 21:14:57,462 - getnode - INFO - crawler.py:50 - 已使用API次数: 700/小时
2025-05-23 21:15:07,151 - getnode - INFO - crawler.py:50 - 已使用API次数: 800/小时
2025-05-23 21:15:16,364 - getnode - INFO - crawler.py:50 - 已使用API次数: 900/小时
2025-05-23 21:15:25,205 - getnode - INFO - crawler.py:50 - 已使用API次数: 1000/小时
2025-05-23 21:15:33,801 - getnode - INFO - crawler.py:50 - 已使用API次数: 1100/小时
2025-05-23 21:15:42,203 - getnode - INFO - crawler.py:50 - 已使用API次数: 1200/小时
2025-05-23 21:15:51,082 - getnode - INFO - crawler.py:50 - 已使用API次数: 1300/小时
2025-05-23 21:16:02,751 - getnode - INFO - crawler.py:50 - 已使用API次数: 1400/小时
2025-05-23 21:16:14,704 - getnode - INFO - crawler.py:50 - 已使用API次数: 1500/小时
2025-05-23 21:16:25,776 - getnode - INFO - crawler.py:50 - 已使用API次数: 1600/小时
2025-05-23 21:16:34,837 - getnode - INFO - crawler.py:50 - 已使用API次数: 1700/小时
2025-05-23 21:16:43,662 - getnode - INFO - crawler.py:50 - 已使用API次数: 1800/小时
2025-05-23 21:16:52,296 - getnode - INFO - crawler.py:50 - 已使用API次数: 1900/小时
2025-05-23 21:17:00,710 - getnode - INFO - crawler.py:50 - 已使用API次数: 2000/小时
2025-05-23 21:17:09,346 - getnode - INFO - crawler.py:50 - 已使用API次数: 2100/小时
2025-05-23 21:17:17,934 - getnode - INFO - crawler.py:50 - 已使用API次数: 2200/小时
2025-05-23 21:17:26,965 - getnode - INFO - crawler.py:50 - 已使用API次数: 2300/小时
2025-05-23 21:17:35,663 - getnode - INFO - crawler.py:50 - 已使用API次数: 2400/小时
2025-05-23 21:17:38,718 - getnode - INFO - main.py:38 - 总共发现 166 个节点文件
2025-05-23 21:17:38,718 - getnode - INFO - nodesjob.py:18 - 开始处理链接集合，共 166 个链接
2025-05-23 21:18:05,418 - getnode - INFO - nodesjob.py:74 - 链接处理完成。成功: 103, 失败: 63
2025-05-23 21:18:37,411 - getnode - INFO - history_manager.py:22 - 成功加载历史节点数量: 70333
2025-05-23 21:18:37,412 - getnode - INFO - history_manager.py:33 - 新节点：18732, 历史节点：70333
2025-05-23 21:18:38,116 - getnode - INFO - history_manager.py:52 - 合并后总节点数: 64533
2025-05-23 21:18:38,118 - getnode - INFO - nodesjob.py:560 - 开始保存节点结果到目录: output/all_subs
2025-05-23 21:18:38,712 - getnode - INFO - nodesjob.py:578 - 开始写入输出文件...
2025-05-23 21:19:10,332 - getnode - INFO - nodesjob.py:587 - 成功生成订阅文件，总节点数: 64041
2025-05-23 21:19:10,351 - getnode - INFO - tester.py:74 - === 批量测试开始 | 总节点数: 64533 ===
2025-05-23 21:53:41,256 - getnode - INFO - tester.py:103 - === 批量测试完成 | 有效节点: 18085 (成功率: 28.0%) ===
2025-05-23 21:53:41,257 - getnode - INFO - nodesjob.py:560 - 开始保存节点结果到目录: output/speedtest
2025-05-23 21:53:41,400 - getnode - INFO - nodesjob.py:578 - 开始写入输出文件...
2025-05-23 21:53:49,472 - getnode - INFO - nodesjob.py:587 - 成功生成订阅文件，总节点数: 17593
2025-05-23 21:53:49,836 - getnode - INFO - main.py:79 - 
=== 文件处理统计 ===
• 扫描文件总数: 16139
• 因大小跳过:   179 (1.1%)
• 有效处理文件: 15960
=== 节点处理统计 ===
• 扫描节点总数: 114273
• 节点去重数:   49740
• 真实节点数:   64533

2025-05-24 21:14:05,886 - getnode - INFO - main.py:25 - === 开始执行爬虫任务 ===
2025-05-24 21:14:34,292 - getnode - INFO - crawler.py:130 - 仓库搜索完成 | 总扫描仓库: 430 有效仓库: 180 跳过: 250
2025-05-24 21:14:34,293 - getnode - INFO - main.py:30 - 发现 180 个相关仓库
2025-05-24 21:14:34,293 - getnode - INFO - main.py:34 - 开始收集节点文件...
2025-05-24 21:14:43,569 - getnode - INFO - crawler.py:50 - 已使用API次数: 100/小时
2025-05-24 21:14:53,028 - getnode - INFO - crawler.py:50 - 已使用API次数: 200/小时
2025-05-24 21:15:04,587 - getnode - INFO - crawler.py:50 - 已使用API次数: 300/小时
2025-05-24 21:15:16,011 - getnode - INFO - crawler.py:50 - 已使用API次数: 400/小时
2025-05-24 21:15:26,883 - getnode - INFO - crawler.py:50 - 已使用API次数: 500/小时
2025-05-24 21:15:37,182 - getnode - INFO - crawler.py:50 - 已使用API次数: 600/小时
2025-05-24 21:15:48,297 - getnode - INFO - crawler.py:50 - 已使用API次数: 700/小时
2025-05-24 21:15:58,312 - getnode - INFO - crawler.py:50 - 已使用API次数: 800/小时
2025-05-24 21:16:09,462 - getnode - INFO - crawler.py:50 - 已使用API次数: 900/小时
2025-05-24 21:16:21,400 - getnode - INFO - crawler.py:50 - 已使用API次数: 1000/小时
2025-05-24 21:16:34,438 - getnode - INFO - crawler.py:50 - 已使用API次数: 1100/小时
2025-05-24 21:16:44,807 - getnode - INFO - crawler.py:50 - 已使用API次数: 1200/小时
2025-05-24 21:16:54,750 - getnode - INFO - crawler.py:50 - 已使用API次数: 1300/小时
2025-05-24 21:17:04,134 - getnode - INFO - crawler.py:50 - 已使用API次数: 1400/小时
2025-05-24 21:17:13,813 - getnode - INFO - crawler.py:50 - 已使用API次数: 1500/小时
2025-05-24 21:17:23,689 - getnode - INFO - crawler.py:50 - 已使用API次数: 1600/小时
2025-05-24 21:17:32,961 - getnode - INFO - crawler.py:50 - 已使用API次数: 1700/小时
2025-05-24 21:17:42,530 - getnode - INFO - crawler.py:50 - 已使用API次数: 1800/小时
2025-05-24 21:17:52,096 - getnode - INFO - crawler.py:50 - 已使用API次数: 1900/小时
2025-05-24 21:18:01,401 - getnode - INFO - crawler.py:50 - 已使用API次数: 2000/小时
2025-05-24 21:18:04,455 - getnode - INFO - main.py:38 - 总共发现 165 个节点文件
2025-05-24 21:18:04,456 - getnode - INFO - nodesjob.py:18 - 开始处理链接集合，共 165 个链接
2025-05-24 21:18:34,792 - getnode - INFO - nodesjob.py:74 - 链接处理完成。成功: 105, 失败: 60
2025-05-24 21:19:04,065 - getnode - INFO - history_manager.py:22 - 成功加载历史节点数量: 64533
2025-05-24 21:19:04,065 - getnode - INFO - history_manager.py:33 - 新节点：18858, 历史节点：64533
2025-05-24 21:19:04,721 - getnode - INFO - history_manager.py:52 - 合并后总节点数: 66912
2025-05-24 21:19:04,724 - getnode - INFO - nodesjob.py:560 - 开始保存节点结果到目录: output/all_subs
2025-05-24 21:19:05,333 - getnode - INFO - nodesjob.py:578 - 开始写入输出文件...
2025-05-24 21:19:38,668 - getnode - INFO - nodesjob.py:587 - 成功生成订阅文件，总节点数: 66414
2025-05-24 21:19:38,688 - getnode - INFO - tester.py:74 - === 批量测试开始 | 总节点数: 66912 ===
2025-05-24 21:54:34,198 - getnode - INFO - tester.py:103 - === 批量测试完成 | 有效节点: 19063 (成功率: 28.5%) ===
2025-05-24 21:54:34,198 - getnode - INFO - nodesjob.py:560 - 开始保存节点结果到目录: output/speedtest
2025-05-24 21:54:34,346 - getnode - INFO - nodesjob.py:578 - 开始写入输出文件...
2025-05-24 21:54:42,757 - getnode - INFO - nodesjob.py:587 - 成功生成订阅文件，总节点数: 18565
2025-05-24 21:54:43,110 - getnode - INFO - main.py:79 - 
=== 文件处理统计 ===
• 扫描文件总数: 13328
• 因大小跳过:   273 (2.0%)
• 有效处理文件: 13055
=== 节点处理统计 ===
• 扫描节点总数: 108790
• 节点去重数:   41878
• 真实节点数:   66912

