2025-04-29 20:50:38,942 - INFO - === 开始执行爬虫任务 ===
2025-04-29 20:50:41,101 - INFO - 发现 30 个相关仓库
2025-04-29 20:50:41,101 - INFO - 开始处理仓库: https://github.com/thirtysixpw/v2ray-reaper
2025-04-29 20:50:41,415 - INFO - 目录https://api.github.com/repos/thirtysixpw/v2ray-reaper/contents/base64?ref=main中发现了0个节点文件
2025-04-29 20:50:41,567 - INFO - 目录https://api.github.com/repos/thirtysixpw/v2ray-reaper/contents/normal?ref=main中发现了0个节点文件
2025-04-29 20:50:41,696 - INFO - 目录https://api.github.com/repos/thirtysixpw/v2ray-reaper/contents/protocol?ref=main中发现了0个节点文件
2025-04-29 20:50:41,836 - INFO - 目录https://api.github.com/repos/thirtysixpw/v2ray-reaper/contents/src?ref=main中发现了0个节点文件
2025-04-29 20:50:41,837 - INFO - 目录https://api.github.com/repos/thirtysixpw/v2ray-reaper/contents/中发现了0个节点文件
2025-04-29 20:50:41,837 - INFO - 开始处理仓库: https://github.com/shadowsocks2025/shadowsocks2025
2025-04-29 20:50:42,014 - INFO - 目录https://api.github.com/repos/shadowsocks2025/shadowsocks2025/contents/中发现了0个节点文件
2025-04-29 20:50:42,015 - INFO - 开始处理仓库: https://github.com/alihusainsorathiya/aliv2ray
2025-04-29 20:50:42,296 - INFO - 目录https://api.github.com/repos/alihusainsorathiya/aliv2ray/contents/modules?ref=main中发现了0个节点文件
2025-04-29 20:50:42,297 - INFO - 已使用API次数: 10/小时
2025-04-29 20:50:42,435 - INFO - 目录https://api.github.com/repos/alihusainsorathiya/aliv2ray/contents/sub?ref=main中发现了0个节点文件
2025-04-29 20:50:42,435 - INFO - 目录https://api.github.com/repos/alihusainsorathiya/aliv2ray/contents/中发现了0个节点文件
2025-04-29 20:50:42,435 - INFO - 开始处理仓库: https://github.com/mostaghimbot/FreeV2rayConfig
2025-04-29 20:50:42,609 - INFO - 目录https://api.github.com/repos/mostaghimbot/FreeV2rayConfig/contents/中发现了1个节点文件
2025-04-29 20:50:42,610 - INFO - 开始处理仓库: https://github.com/nyeinkokoaung404/V2ray-Configs
2025-04-29 20:50:43,022 - INFO - 目录https://api.github.com/repos/nyeinkokoaung404/V2ray-Configs/contents/Base64?ref=main中发现了32个节点文件
2025-04-29 20:50:43,173 - INFO - 目录https://api.github.com/repos/nyeinkokoaung404/V2ray-Configs/contents/Files?ref=main中发现了0个节点文件
2025-04-29 20:50:43,311 - INFO - 目录https://api.github.com/repos/nyeinkokoaung404/V2ray-Configs/contents/Licence?ref=main中发现了0个节点文件
2025-04-29 20:50:43,443 - INFO - 目录https://api.github.com/repos/nyeinkokoaung404/V2ray-Configs/contents/Splitted-By-Protocol?ref=main中发现了4个节点文件
2025-04-29 20:50:43,722 - INFO - 目录https://api.github.com/repos/nyeinkokoaung404/V2ray-Configs/contents/assets/css?ref=main中发现了0个节点文件
2025-04-29 20:50:43,722 - INFO - 目录https://api.github.com/repos/nyeinkokoaung404/V2ray-Configs/contents/assets?ref=main中发现了0个节点文件
2025-04-29 20:50:43,869 - INFO - 目录https://api.github.com/repos/nyeinkokoaung404/V2ray-Configs/contents/plus?ref=main中发现了0个节点文件
2025-04-29 20:50:43,869 - INFO - 目录https://api.github.com/repos/nyeinkokoaung404/V2ray-Configs/contents/中发现了15个节点文件
2025-04-29 20:50:43,869 - INFO - 开始处理仓库: https://github.com/barry-far/V2ray-Configs
2025-04-29 20:50:43,869 - INFO - 已使用API次数: 20/小时
2025-04-29 20:50:44,180 - INFO - 目录https://api.github.com/repos/barry-far/V2ray-Configs/contents/Base64?ref=main中发现了32个节点文件
2025-04-29 20:50:44,352 - INFO - 目录https://api.github.com/repos/barry-far/V2ray-Configs/contents/Files?ref=main中发现了0个节点文件
2025-04-29 20:50:44,504 - INFO - 目录https://api.github.com/repos/barry-far/V2ray-Configs/contents/Licence?ref=main中发现了0个节点文件
2025-04-29 20:50:44,645 - INFO - 目录https://api.github.com/repos/barry-far/V2ray-Configs/contents/Splitted-By-Protocol?ref=main中发现了4个节点文件
2025-04-29 20:50:44,646 - INFO - 目录https://api.github.com/repos/barry-far/V2ray-Configs/contents/中发现了15个节点文件
2025-04-29 20:50:44,646 - INFO - 开始处理仓库: https://github.com/gfpcom/free-proxy-list
2025-04-29 20:50:44,898 - INFO - 目录https://api.github.com/repos/gfpcom/free-proxy-list/contents/cmd?ref=main中发现了0个节点文件
2025-04-29 20:50:45,021 - INFO - 目录https://api.github.com/repos/gfpcom/free-proxy-list/contents/internal?ref=main中发现了0个节点文件
2025-04-29 20:50:45,260 - INFO - 目录https://api.github.com/repos/gfpcom/free-proxy-list/contents/list?ref=main中发现了3个节点文件
2025-04-29 20:50:45,419 - INFO - 目录https://api.github.com/repos/gfpcom/free-proxy-list/contents/sources?ref=main中发现了5个节点文件
2025-04-29 20:50:45,419 - INFO - 目录https://api.github.com/repos/gfpcom/free-proxy-list/contents/中发现了0个节点文件
2025-04-29 20:50:45,420 - INFO - 开始处理仓库: https://github.com/iboxz/free-v2ray-collector
2025-04-29 20:50:45,420 - INFO - 已使用API次数: 30/小时
2025-04-29 20:50:45,750 - INFO - 目录https://api.github.com/repos/iboxz/free-v2ray-collector/contents/assets?ref=main中发现了0个节点文件
2025-04-29 20:50:45,905 - INFO - 目录https://api.github.com/repos/iboxz/free-v2ray-collector/contents/main?ref=main中发现了0个节点文件
2025-04-29 20:50:45,905 - INFO - 目录https://api.github.com/repos/iboxz/free-v2ray-collector/contents/中发现了0个节点文件
2025-04-29 20:50:45,905 - INFO - 开始处理仓库: https://github.com/MatinGhanbari/v2ray-configs
2025-04-29 20:50:46,330 - INFO - 目录https://api.github.com/repos/MatinGhanbari/v2ray-configs/contents/docs/CODE_OF_CONDUCT?ref=main中发现了0个节点文件
2025-04-29 20:50:46,480 - INFO - 目录https://api.github.com/repos/MatinGhanbari/v2ray-configs/contents/docs/README?ref=main中发现了0个节点文件
2025-04-29 20:50:46,481 - INFO - 目录https://api.github.com/repos/MatinGhanbari/v2ray-configs/contents/docs?ref=main中发现了0个节点文件
2025-04-29 20:50:46,948 - INFO - 目录https://api.github.com/repos/MatinGhanbari/v2ray-configs/contents/public/assets/css?ref=main中发现了0个节点文件
2025-04-29 20:50:46,948 - INFO - 已使用API次数: 40/小时
2025-04-29 20:50:47,083 - INFO - 目录https://api.github.com/repos/MatinGhanbari/v2ray-configs/contents/public/assets/data?ref=main中发现了0个节点文件
2025-04-29 20:50:47,241 - INFO - 目录https://api.github.com/repos/MatinGhanbari/v2ray-configs/contents/public/assets/images?ref=main中发现了0个节点文件
2025-04-29 20:50:47,374 - INFO - 目录https://api.github.com/repos/MatinGhanbari/v2ray-configs/contents/public/assets/js?ref=main中发现了0个节点文件
2025-04-29 20:50:47,374 - INFO - 目录https://api.github.com/repos/MatinGhanbari/v2ray-configs/contents/public/assets?ref=main中发现了0个节点文件
2025-04-29 20:50:47,517 - INFO - 目录https://api.github.com/repos/MatinGhanbari/v2ray-configs/contents/public/pages?ref=main中发现了0个节点文件
2025-04-29 20:50:47,517 - INFO - 目录https://api.github.com/repos/MatinGhanbari/v2ray-configs/contents/public?ref=main中发现了0个节点文件
2025-04-29 20:50:47,810 - INFO - 目录https://api.github.com/repos/MatinGhanbari/v2ray-configs/contents/src/contents?ref=main中发现了0个节点文件
2025-04-29 20:50:47,958 - INFO - 目录https://api.github.com/repos/MatinGhanbari/v2ray-configs/contents/src/settings?ref=main中发现了0个节点文件
2025-04-29 20:50:48,124 - INFO - 目录https://api.github.com/repos/MatinGhanbari/v2ray-configs/contents/src/utils?ref=main中发现了0个节点文件
2025-04-29 20:50:48,125 - INFO - 目录https://api.github.com/repos/MatinGhanbari/v2ray-configs/contents/src?ref=main中发现了0个节点文件
2025-04-29 20:50:48,408 - INFO - 已使用API次数: 50/小时
2025-04-29 20:50:48,549 - INFO - 目录https://api.github.com/repos/MatinGhanbari/v2ray-configs/contents/subscriptions/base64/subs?ref=main中发现了39个节点文件
2025-04-29 20:50:48,549 - INFO - 目录https://api.github.com/repos/MatinGhanbari/v2ray-configs/contents/subscriptions/base64?ref=main中发现了0个节点文件
2025-04-29 20:50:48,817 - INFO - 目录https://api.github.com/repos/MatinGhanbari/v2ray-configs/contents/subscriptions/filtered/subs?ref=main中发现了5个节点文件
2025-04-29 20:50:48,818 - INFO - 目录https://api.github.com/repos/MatinGhanbari/v2ray-configs/contents/subscriptions/filtered?ref=main中发现了0个节点文件
2025-04-29 20:50:49,116 - INFO - 目录https://api.github.com/repos/MatinGhanbari/v2ray-configs/contents/subscriptions/v2ray/subs?ref=main中发现了39个节点文件
2025-04-29 20:50:49,116 - INFO - 目录https://api.github.com/repos/MatinGhanbari/v2ray-configs/contents/subscriptions/v2ray?ref=main中发现了2个节点文件
2025-04-29 20:50:49,248 - INFO - 目录https://api.github.com/repos/MatinGhanbari/v2ray-configs/contents/subscriptions/warp?ref=main中发现了1个节点文件
2025-04-29 20:50:49,248 - INFO - 目录https://api.github.com/repos/MatinGhanbari/v2ray-configs/contents/subscriptions?ref=main中发现了0个节点文件
2025-04-29 20:50:49,248 - INFO - 目录https://api.github.com/repos/MatinGhanbari/v2ray-configs/contents/中发现了0个节点文件
2025-04-29 20:50:49,248 - INFO - 开始处理仓库: https://github.com/skywrt/v2ray-configs
2025-04-29 20:50:49,538 - INFO - 目录https://api.github.com/repos/skywrt/v2ray-configs/contents/Base64?ref=main中发现了0个节点文件
2025-04-29 20:50:49,684 - INFO - 目录https://api.github.com/repos/skywrt/v2ray-configs/contents/Files?ref=main中发现了0个节点文件
2025-04-29 20:50:49,820 - INFO - 目录https://api.github.com/repos/skywrt/v2ray-configs/contents/Splitted-By-Protocol?ref=main中发现了3个节点文件
2025-04-29 20:50:49,820 - INFO - 目录https://api.github.com/repos/skywrt/v2ray-configs/contents/中发现了0个节点文件
2025-04-29 20:50:49,820 - INFO - 开始处理仓库: https://github.com/lagzian/SS-Collector
2025-04-29 20:50:49,821 - INFO - 已使用API次数: 60/小时
2025-04-29 20:50:50,125 - INFO - 目录https://api.github.com/repos/lagzian/SS-Collector/contents/SS?ref=main中发现了1个节点文件
2025-04-29 20:50:50,283 - INFO - 目录https://api.github.com/repos/lagzian/SS-Collector/contents/VLESS?ref=main中发现了1个节点文件
2025-04-29 20:50:50,576 - INFO - 目录https://api.github.com/repos/lagzian/SS-Collector/contents/utils/speedtest?ref=main中发现了0个节点文件
2025-04-29 20:50:50,576 - INFO - 目录https://api.github.com/repos/lagzian/SS-Collector/contents/utils?ref=main中发现了0个节点文件
2025-04-29 20:50:50,577 - INFO - 目录https://api.github.com/repos/lagzian/SS-Collector/contents/中发现了17个节点文件
2025-04-29 20:50:50,577 - INFO - 开始处理仓库: https://github.com/alihusainsorathiya/v2gram
2025-04-29 20:50:50,879 - INFO - 目录https://api.github.com/repos/alihusainsorathiya/v2gram/contents/clash?ref=main中发现了2个节点文件
2025-04-29 20:50:51,034 - INFO - 目录https://api.github.com/repos/alihusainsorathiya/v2gram/contents/json?ref=main中发现了0个节点文件
2025-04-29 20:50:51,186 - INFO - 目录https://api.github.com/repos/alihusainsorathiya/v2gram/contents/meta?ref=main中发现了3个节点文件
2025-04-29 20:50:51,329 - INFO - 已使用API次数: 70/小时
2025-04-29 20:50:51,518 - WARNING - 条目过多跳过：https://api.github.com/repos/alihusainsorathiya/v2gram/contents/modules/channels?ref=main
 该目录条目数：98
2025-04-29 20:50:51,518 - INFO - 目录https://api.github.com/repos/alihusainsorathiya/v2gram/contents/modules?ref=main中发现了0个节点文件
2025-04-29 20:50:51,680 - INFO - 目录https://api.github.com/repos/alihusainsorathiya/v2gram/contents/sub?ref=main中发现了0个节点文件
2025-04-29 20:50:51,681 - INFO - 目录https://api.github.com/repos/alihusainsorathiya/v2gram/contents/中发现了0个节点文件
2025-04-29 20:50:51,681 - INFO - 开始处理仓库: https://github.com/lyqnihao/proxy
2025-04-29 20:50:52,116 - INFO - 目录https://api.github.com/repos/lyqnihao/proxy/contents/cmliu/ACL4SS?ref=main中发现了0个节点文件
2025-04-29 20:50:52,117 - INFO - 目录https://api.github.com/repos/lyqnihao/proxy/contents/cmliu?ref=main中发现了0个节点文件
2025-04-29 20:50:52,250 - INFO - 目录https://api.github.com/repos/lyqnihao/proxy/contents/nodefree?ref=main中发现了0个节点文件
2025-04-29 20:50:52,390 - INFO - 目录https://api.github.com/repos/lyqnihao/proxy/contents/v2cross?ref=main中发现了0个节点文件
2025-04-29 20:50:52,532 - INFO - 目录https://api.github.com/repos/lyqnihao/proxy/contents/v2rayse?ref=main中发现了4个节点文件
2025-04-29 20:50:52,680 - INFO - 目录https://api.github.com/repos/lyqnihao/proxy/contents/xConfig?ref=main中发现了0个节点文件
2025-04-29 20:50:52,680 - INFO - 目录https://api.github.com/repos/lyqnihao/proxy/contents/中发现了0个节点文件
2025-04-29 20:50:52,680 - INFO - 开始处理仓库: https://github.com/aiboboxx/v2rayfree
2025-04-29 20:50:52,822 - INFO - 目录https://api.github.com/repos/aiboboxx/v2rayfree/contents/中发现了0个节点文件
2025-04-29 20:50:52,822 - INFO - 开始处理仓库: https://github.com/pkgforge-dev/Termux-Packages
2025-04-29 20:50:52,822 - INFO - 已使用API次数: 80/小时
2025-04-29 20:50:52,975 - INFO - 目录https://api.github.com/repos/pkgforge-dev/Termux-Packages/contents/中发现了0个节点文件
2025-04-29 20:50:52,976 - INFO - 开始处理仓库: https://github.com/Epodonios/v2ray-configs
2025-04-29 20:50:53,294 - INFO - 目录https://api.github.com/repos/Epodonios/v2ray-configs/contents/Base64?ref=main中发现了17个节点文件
2025-04-29 20:50:53,438 - INFO - 目录https://api.github.com/repos/Epodonios/v2ray-configs/contents/Files?ref=main中发现了0个节点文件
2025-04-29 20:50:53,615 - INFO - 目录https://api.github.com/repos/Epodonios/v2ray-configs/contents/Splitted-By-Protocol?ref=main中发现了4个节点文件
2025-04-29 20:50:53,615 - INFO - 目录https://api.github.com/repos/Epodonios/v2ray-configs/contents/中发现了17个节点文件
2025-04-29 20:50:53,615 - INFO - 开始处理仓库: https://github.com/MhdiTaheri/V2rayCollector_Py
2025-04-29 20:50:54,064 - INFO - 目录https://api.github.com/repos/MhdiTaheri/V2rayCollector_Py/contents/sub/Austria?ref=main中发现了0个节点文件
2025-04-29 20:50:54,225 - INFO - 目录https://api.github.com/repos/MhdiTaheri/V2rayCollector_Py/contents/sub/Bahrain?ref=main中发现了0个节点文件
2025-04-29 20:50:54,369 - INFO - 目录https://api.github.com/repos/MhdiTaheri/V2rayCollector_Py/contents/sub/Canada?ref=main中发现了0个节点文件
2025-04-29 20:50:54,369 - INFO - 已使用API次数: 90/小时
2025-04-29 20:50:54,540 - INFO - 目录https://api.github.com/repos/MhdiTaheri/V2rayCollector_Py/contents/sub/Costa%20Rica?ref=main中发现了0个节点文件
2025-04-29 20:50:54,680 - INFO - 目录https://api.github.com/repos/MhdiTaheri/V2rayCollector_Py/contents/sub/Czech%20Republic?ref=main中发现了0个节点文件
2025-04-29 20:50:54,822 - INFO - 目录https://api.github.com/repos/MhdiTaheri/V2rayCollector_Py/contents/sub/Finland?ref=main中发现了0个节点文件
2025-04-29 20:50:55,050 - INFO - 目录https://api.github.com/repos/MhdiTaheri/V2rayCollector_Py/contents/sub/France?ref=main中发现了0个节点文件
2025-04-29 20:50:55,190 - INFO - 目录https://api.github.com/repos/MhdiTaheri/V2rayCollector_Py/contents/sub/Germany?ref=main中发现了0个节点文件
2025-04-29 20:50:55,325 - INFO - 目录https://api.github.com/repos/MhdiTaheri/V2rayCollector_Py/contents/sub/Hong%20Kong?ref=main中发现了0个节点文件
2025-04-29 20:50:55,474 - INFO - 目录https://api.github.com/repos/MhdiTaheri/V2rayCollector_Py/contents/sub/Iran?ref=main中发现了0个节点文件
2025-04-29 20:50:55,617 - INFO - 目录https://api.github.com/repos/MhdiTaheri/V2rayCollector_Py/contents/sub/Ireland?ref=main中发现了0个节点文件
2025-04-29 20:50:55,758 - INFO - 目录https://api.github.com/repos/MhdiTaheri/V2rayCollector_Py/contents/sub/Italy?ref=main中发现了0个节点文件
2025-04-29 20:50:55,926 - INFO - 目录https://api.github.com/repos/MhdiTaheri/V2rayCollector_Py/contents/sub/Mix?ref=main中发现了0个节点文件
2025-04-29 20:50:55,927 - INFO - 已使用API次数: 100/小时
2025-04-29 20:50:56,075 - INFO - 目录https://api.github.com/repos/MhdiTaheri/V2rayCollector_Py/contents/sub/Netherlands?ref=main中发现了0个节点文件
2025-04-29 20:50:56,238 - INFO - 目录https://api.github.com/repos/MhdiTaheri/V2rayCollector_Py/contents/sub/Poland?ref=main中发现了0个节点文件
2025-04-29 20:50:56,379 - INFO - 目录https://api.github.com/repos/MhdiTaheri/V2rayCollector_Py/contents/sub/Republic%20of%20Lithuania?ref=main中发现了0个节点文件
2025-04-29 20:50:56,514 - INFO - 目录https://api.github.com/repos/MhdiTaheri/V2rayCollector_Py/contents/sub/Russia?ref=main中发现了0个节点文件
2025-04-29 20:50:56,649 - INFO - 目录https://api.github.com/repos/MhdiTaheri/V2rayCollector_Py/contents/sub/Serbia?ref=main中发现了0个节点文件
2025-04-29 20:50:56,815 - INFO - 目录https://api.github.com/repos/MhdiTaheri/V2rayCollector_Py/contents/sub/Singapore?ref=main中发现了0个节点文件
2025-04-29 20:50:56,963 - INFO - 目录https://api.github.com/repos/MhdiTaheri/V2rayCollector_Py/contents/sub/Slovak%20Republic?ref=main中发现了0个节点文件
2025-04-29 20:50:57,138 - INFO - 目录https://api.github.com/repos/MhdiTaheri/V2rayCollector_Py/contents/sub/Spain?ref=main中发现了0个节点文件
2025-04-29 20:50:57,287 - INFO - 目录https://api.github.com/repos/MhdiTaheri/V2rayCollector_Py/contents/sub/Sweden?ref=main中发现了0个节点文件
2025-04-29 20:50:57,424 - INFO - 目录https://api.github.com/repos/MhdiTaheri/V2rayCollector_Py/contents/sub/Switzerland?ref=main中发现了0个节点文件
2025-04-29 20:50:57,424 - INFO - 已使用API次数: 110/小时
2025-04-29 20:50:57,563 - INFO - 目录https://api.github.com/repos/MhdiTaheri/V2rayCollector_Py/contents/sub/Turkey?ref=main中发现了0个节点文件
2025-04-29 20:50:57,701 - INFO - 目录https://api.github.com/repos/MhdiTaheri/V2rayCollector_Py/contents/sub/United%20Arab%20Emirates?ref=main中发现了0个节点文件
2025-04-29 20:50:57,845 - INFO - 目录https://api.github.com/repos/MhdiTaheri/V2rayCollector_Py/contents/sub/United%20Kingdom?ref=main中发现了0个节点文件
2025-04-29 20:50:57,984 - INFO - 目录https://api.github.com/repos/MhdiTaheri/V2rayCollector_Py/contents/sub/United%20States?ref=main中发现了0个节点文件
2025-04-29 20:50:57,984 - INFO - 目录https://api.github.com/repos/MhdiTaheri/V2rayCollector_Py/contents/sub?ref=main中发现了0个节点文件
2025-04-29 20:50:57,984 - INFO - 目录https://api.github.com/repos/MhdiTaheri/V2rayCollector_Py/contents/中发现了0个节点文件
2025-04-29 20:50:57,984 - INFO - 开始处理仓库: https://github.com/Surfboardv2ray/Proxy-sorter
2025-04-29 20:50:58,421 - WARNING - 条目过多跳过：https://api.github.com/repos/Surfboardv2ray/Proxy-sorter/contents/archives/202409?ref=main
 该目录条目数：178
2025-04-29 20:50:58,589 - WARNING - 条目过多跳过：https://api.github.com/repos/Surfboardv2ray/Proxy-sorter/contents/archives/202410?ref=main
 该目录条目数：182
2025-04-29 20:50:58,763 - WARNING - 条目过多跳过：https://api.github.com/repos/Surfboardv2ray/Proxy-sorter/contents/archives/202411?ref=main
 该目录条目数：178
2025-04-29 20:50:58,923 - WARNING - 条目过多跳过：https://api.github.com/repos/Surfboardv2ray/Proxy-sorter/contents/archives/202412?ref=main
 该目录条目数：183
2025-04-29 20:50:58,923 - INFO - 已使用API次数: 120/小时
2025-04-29 20:50:59,131 - WARNING - 条目过多跳过：https://api.github.com/repos/Surfboardv2ray/Proxy-sorter/contents/archives/202501?ref=main
 该目录条目数：185
2025-04-29 20:50:59,295 - WARNING - 条目过多跳过：https://api.github.com/repos/Surfboardv2ray/Proxy-sorter/contents/archives/202502?ref=main
 该目录条目数：167
2025-04-29 20:50:59,462 - WARNING - 条目过多跳过：https://api.github.com/repos/Surfboardv2ray/Proxy-sorter/contents/archives/202503?ref=main
 该目录条目数：184
2025-04-29 20:50:59,673 - WARNING - 条目过多跳过：https://api.github.com/repos/Surfboardv2ray/Proxy-sorter/contents/archives/202504?ref=main
 该目录条目数：173
2025-04-29 20:51:00,007 - WARNING - 条目过多跳过：https://api.github.com/repos/Surfboardv2ray/Proxy-sorter/contents/archives/IR/202405?ref=main
 该目录条目数：105
2025-04-29 20:51:00,186 - WARNING - 条目过多跳过：https://api.github.com/repos/Surfboardv2ray/Proxy-sorter/contents/archives/IR/202406?ref=main
 该目录条目数：95
2025-04-29 20:51:00,389 - WARNING - 条目过多跳过：https://api.github.com/repos/Surfboardv2ray/Proxy-sorter/contents/archives/IR/202407?ref=main
 该目录条目数：98
2025-04-29 20:51:00,563 - WARNING - 条目过多跳过：https://api.github.com/repos/Surfboardv2ray/Proxy-sorter/contents/archives/IR/202408?ref=main
 该目录条目数：197
2025-04-29 20:51:00,747 - WARNING - 条目过多跳过：https://api.github.com/repos/Surfboardv2ray/Proxy-sorter/contents/archives/IR/202409?ref=main
 该目录条目数：178
2025-04-29 20:51:00,747 - INFO - 已使用API次数: 130/小时
2025-04-29 20:51:00,910 - WARNING - 条目过多跳过：https://api.github.com/repos/Surfboardv2ray/Proxy-sorter/contents/archives/IR/202410?ref=main
 该目录条目数：182
2025-04-29 20:51:01,092 - WARNING - 条目过多跳过：https://api.github.com/repos/Surfboardv2ray/Proxy-sorter/contents/archives/IR/202411?ref=main
 该目录条目数：178
2025-04-29 20:51:01,269 - WARNING - 条目过多跳过：https://api.github.com/repos/Surfboardv2ray/Proxy-sorter/contents/archives/IR/202412?ref=main
 该目录条目数：183
2025-04-29 20:51:01,427 - WARNING - 条目过多跳过：https://api.github.com/repos/Surfboardv2ray/Proxy-sorter/contents/archives/IR/202501?ref=main
 该目录条目数：185
2025-04-29 20:51:01,600 - WARNING - 条目过多跳过：https://api.github.com/repos/Surfboardv2ray/Proxy-sorter/contents/archives/IR/202502?ref=main
 该目录条目数：167
2025-04-29 20:51:01,760 - WARNING - 条目过多跳过：https://api.github.com/repos/Surfboardv2ray/Proxy-sorter/contents/archives/IR/202503?ref=main
 该目录条目数：184
2025-04-29 20:51:01,959 - WARNING - 条目过多跳过：https://api.github.com/repos/Surfboardv2ray/Proxy-sorter/contents/archives/IR/202504?ref=main
 该目录条目数：173
2025-04-29 20:51:01,959 - INFO - 目录https://api.github.com/repos/Surfboardv2ray/Proxy-sorter/contents/archives/IR?ref=main中发现了0个节点文件
2025-04-29 20:51:02,091 - INFO - 目录https://api.github.com/repos/Surfboardv2ray/Proxy-sorter/contents/archives/latest_backup?ref=main中发现了0个节点文件
2025-04-29 20:51:02,410 - WARNING - 条目过多跳过：https://api.github.com/repos/Surfboardv2ray/Proxy-sorter/contents/archives/ws_tls/202404?ref=main
 该目录条目数：63
2025-04-29 20:51:02,410 - INFO - 已使用API次数: 140/小时
2025-04-29 20:51:02,560 - WARNING - 条目过多跳过：https://api.github.com/repos/Surfboardv2ray/Proxy-sorter/contents/archives/ws_tls/202405?ref=main
 该目录条目数：62
2025-04-29 20:51:02,720 - WARNING - 条目过多跳过：https://api.github.com/repos/Surfboardv2ray/Proxy-sorter/contents/archives/ws_tls/202406?ref=main
 该目录条目数：85
2025-04-29 20:51:02,869 - WARNING - 条目过多跳过：https://api.github.com/repos/Surfboardv2ray/Proxy-sorter/contents/archives/ws_tls/202407?ref=main
 该目录条目数：90
2025-04-29 20:51:03,044 - WARNING - 条目过多跳过：https://api.github.com/repos/Surfboardv2ray/Proxy-sorter/contents/archives/ws_tls/202408?ref=main
 该目录条目数：162
2025-04-29 20:51:03,203 - WARNING - 条目过多跳过：https://api.github.com/repos/Surfboardv2ray/Proxy-sorter/contents/archives/ws_tls/202409?ref=main
 该目录条目数：172
2025-04-29 20:51:03,391 - WARNING - 条目过多跳过：https://api.github.com/repos/Surfboardv2ray/Proxy-sorter/contents/archives/ws_tls/202410?ref=main
 该目录条目数：179
2025-04-29 20:51:03,571 - WARNING - 条目过多跳过：https://api.github.com/repos/Surfboardv2ray/Proxy-sorter/contents/archives/ws_tls/202411?ref=main
 该目录条目数：150
2025-04-29 20:51:03,731 - WARNING - 条目过多跳过：https://api.github.com/repos/Surfboardv2ray/Proxy-sorter/contents/archives/ws_tls/202412?ref=main
 该目录条目数：87
2025-04-29 20:51:03,882 - WARNING - 条目过多跳过：https://api.github.com/repos/Surfboardv2ray/Proxy-sorter/contents/archives/ws_tls/202501?ref=main
 该目录条目数：69
2025-04-29 20:51:04,035 - WARNING - 条目过多跳过：https://api.github.com/repos/Surfboardv2ray/Proxy-sorter/contents/archives/ws_tls/202502?ref=main
 该目录条目数：61
2025-04-29 20:51:04,036 - INFO - 已使用API次数: 150/小时
2025-04-29 20:51:04,173 - WARNING - 条目过多跳过：https://api.github.com/repos/Surfboardv2ray/Proxy-sorter/contents/archives/ws_tls/202503?ref=main
 该目录条目数：69
2025-04-29 20:51:04,325 - INFO - 目录https://api.github.com/repos/Surfboardv2ray/Proxy-sorter/contents/archives/ws_tls/202504?ref=main中发现了0个节点文件
2025-04-29 20:51:04,326 - INFO - 目录https://api.github.com/repos/Surfboardv2ray/Proxy-sorter/contents/archives/ws_tls?ref=main中发现了0个节点文件
2025-04-29 20:51:04,326 - INFO - 目录https://api.github.com/repos/Surfboardv2ray/Proxy-sorter/contents/archives?ref=main中发现了0个节点文件
2025-04-29 20:51:04,498 - INFO - 目录https://api.github.com/repos/Surfboardv2ray/Proxy-sorter/contents/custom?ref=main中发现了0个节点文件
2025-04-29 20:51:04,633 - INFO - 目录https://api.github.com/repos/Surfboardv2ray/Proxy-sorter/contents/input?ref=main中发现了0个节点文件
2025-04-29 20:51:04,816 - INFO - 目录https://api.github.com/repos/Surfboardv2ray/Proxy-sorter/contents/output?ref=main中发现了0个节点文件
2025-04-29 20:51:04,966 - INFO - 目录https://api.github.com/repos/Surfboardv2ray/Proxy-sorter/contents/python?ref=main中发现了0个节点文件
2025-04-29 20:51:05,105 - INFO - 目录https://api.github.com/repos/Surfboardv2ray/Proxy-sorter/contents/selector?ref=main中发现了0个节点文件
2025-04-29 20:51:05,237 - INFO - 目录https://api.github.com/repos/Surfboardv2ray/Proxy-sorter/contents/submerge?ref=main中发现了0个节点文件
2025-04-29 20:51:05,513 - INFO - 目录https://api.github.com/repos/Surfboardv2ray/Proxy-sorter/contents/ws_tls/7899?ref=main中发现了0个节点文件
2025-04-29 20:51:05,513 - INFO - 已使用API次数: 160/小时
2025-04-29 20:51:05,667 - INFO - 目录https://api.github.com/repos/Surfboardv2ray/Proxy-sorter/contents/ws_tls/proxies?ref=main中发现了0个节点文件
2025-04-29 20:51:05,667 - INFO - 目录https://api.github.com/repos/Surfboardv2ray/Proxy-sorter/contents/ws_tls?ref=main中发现了0个节点文件
2025-04-29 20:51:06,140 - INFO - 目录https://api.github.com/repos/Surfboardv2ray/Proxy-sorter/contents/xray/configs/clash-meta?ref=main中发现了0个节点文件
2025-04-29 20:51:06,306 - INFO - 目录https://api.github.com/repos/Surfboardv2ray/Proxy-sorter/contents/xray/configs/raw-url?ref=main中发现了0个节点文件
2025-04-29 20:51:06,436 - INFO - 目录https://api.github.com/repos/Surfboardv2ray/Proxy-sorter/contents/xray/configs/xray-json?ref=main中发现了0个节点文件
2025-04-29 20:51:06,436 - INFO - 目录https://api.github.com/repos/Surfboardv2ray/Proxy-sorter/contents/xray/configs?ref=main中发现了0个节点文件
2025-04-29 20:51:06,752 - INFO - 目录https://api.github.com/repos/Surfboardv2ray/Proxy-sorter/contents/xray/modules/clash_meta_url_decoder?ref=main中发现了0个节点文件
2025-04-29 20:51:06,898 - INFO - 目录https://api.github.com/repos/Surfboardv2ray/Proxy-sorter/contents/xray/modules/xray_url_decoder?ref=main中发现了0个节点文件
2025-04-29 20:51:06,899 - INFO - 目录https://api.github.com/repos/Surfboardv2ray/Proxy-sorter/contents/xray/modules?ref=main中发现了0个节点文件
2025-04-29 20:51:06,899 - INFO - 目录https://api.github.com/repos/Surfboardv2ray/Proxy-sorter/contents/xray?ref=main中发现了0个节点文件
2025-04-29 20:51:06,899 - INFO - 目录https://api.github.com/repos/Surfboardv2ray/Proxy-sorter/contents/中发现了0个节点文件
2025-04-29 20:51:06,899 - INFO - 开始处理仓库: https://github.com/darknessm427/IranConfigCollector
2025-04-29 20:51:07,048 - INFO - 已使用API次数: 170/小时
2025-04-29 20:51:07,192 - INFO - 目录https://api.github.com/repos/darknessm427/IranConfigCollector/contents/bulk?ref=main中发现了4个节点文件
2025-04-29 20:51:07,355 - INFO - 目录https://api.github.com/repos/darknessm427/IranConfigCollector/contents/clash?ref=main中发现了0个节点文件
2025-04-29 20:51:07,654 - INFO - 目录https://api.github.com/repos/darknessm427/IranConfigCollector/contents/sub/splitted?ref=main中发现了5个节点文件
2025-04-29 20:51:07,654 - INFO - 目录https://api.github.com/repos/darknessm427/IranConfigCollector/contents/sub?ref=main中发现了2个节点文件
2025-04-29 20:51:07,958 - INFO - 目录https://api.github.com/repos/darknessm427/IranConfigCollector/contents/utils/speedtest?ref=main中发现了0个节点文件
2025-04-29 20:51:07,958 - INFO - 目录https://api.github.com/repos/darknessm427/IranConfigCollector/contents/utils?ref=main中发现了0个节点文件
2025-04-29 20:51:07,958 - INFO - 目录https://api.github.com/repos/darknessm427/IranConfigCollector/contents/中发现了0个节点文件
2025-04-29 20:51:07,958 - INFO - 开始处理仓库: https://github.com/Premium-404/warp-plus
2025-04-29 20:51:08,226 - INFO - 目录https://api.github.com/repos/Premium-404/warp-plus/contents/assets?ref=main中发现了0个节点文件
2025-04-29 20:51:08,568 - INFO - 目录https://api.github.com/repos/Premium-404/warp-plus/contents/edge/24pbgen?ref=main中发现了0个节点文件
2025-04-29 20:51:08,568 - INFO - 已使用API次数: 180/小时
2025-04-29 20:51:08,701 - INFO - 目录https://api.github.com/repos/Premium-404/warp-plus/contents/edge/assets?ref=main中发现了0个节点文件
2025-04-29 20:51:08,834 - INFO - 目录https://api.github.com/repos/Premium-404/warp-plus/contents/edge/trash?ref=main中发现了0个节点文件
2025-04-29 20:51:08,834 - INFO - 目录https://api.github.com/repos/Premium-404/warp-plus/contents/edge?ref=main中发现了0个节点文件
2025-04-29 20:51:09,011 - INFO - 目录https://api.github.com/repos/Premium-404/warp-plus/contents/hiddify?ref=main中发现了0个节点文件
2025-04-29 20:51:09,163 - INFO - 目录https://api.github.com/repos/Premium-404/warp-plus/contents/sub?ref=main中发现了2个节点文件
2025-04-29 20:51:09,163 - INFO - 目录https://api.github.com/repos/Premium-404/warp-plus/contents/中发现了0个节点文件
2025-04-29 20:51:09,163 - INFO - 开始处理仓库: https://github.com/littlemoji/my-awesome-star-list
2025-04-29 20:51:09,333 - INFO - 目录https://api.github.com/repos/littlemoji/my-awesome-star-list/contents/中发现了0个节点文件
2025-04-29 20:51:09,334 - INFO - 开始处理仓库: https://github.com/MhdiTaheri/V2rayCollector
2025-04-29 20:51:09,631 - INFO - 目录https://api.github.com/repos/MhdiTaheri/V2rayCollector/contents/docs?ref=main中发现了0个节点文件
2025-04-29 20:51:09,777 - INFO - 目录https://api.github.com/repos/MhdiTaheri/V2rayCollector/contents/sub?ref=main中发现了0个节点文件
2025-04-29 20:51:09,777 - INFO - 目录https://api.github.com/repos/MhdiTaheri/V2rayCollector/contents/中发现了0个节点文件
2025-04-29 20:51:09,777 - INFO - 开始处理仓库: https://github.com/Epodonios/bulk-xray-v2ray-vless-vmess-...-configs
2025-04-29 20:51:10,160 - INFO - 已使用API次数: 190/小时
2025-04-29 20:51:10,301 - INFO - 目录https://api.github.com/repos/Epodonios/bulk-xray-v2ray-vless-vmess-...-configs/contents/sub/Austria?ref=main中发现了0个节点文件
2025-04-29 20:51:10,456 - INFO - 目录https://api.github.com/repos/Epodonios/bulk-xray-v2ray-vless-vmess-...-configs/contents/sub/Bahrain?ref=main中发现了0个节点文件
2025-04-29 20:51:10,603 - INFO - 目录https://api.github.com/repos/Epodonios/bulk-xray-v2ray-vless-vmess-...-configs/contents/sub/Canada?ref=main中发现了0个节点文件
2025-04-29 20:51:10,758 - INFO - 目录https://api.github.com/repos/Epodonios/bulk-xray-v2ray-vless-vmess-...-configs/contents/sub/Costa%20Rica?ref=main中发现了0个节点文件
2025-04-29 20:51:10,891 - INFO - 目录https://api.github.com/repos/Epodonios/bulk-xray-v2ray-vless-vmess-...-configs/contents/sub/Czech%20Republic?ref=main中发现了0个节点文件
2025-04-29 20:51:11,037 - INFO - 目录https://api.github.com/repos/Epodonios/bulk-xray-v2ray-vless-vmess-...-configs/contents/sub/Finland?ref=main中发现了0个节点文件
2025-04-29 20:51:11,178 - INFO - 目录https://api.github.com/repos/Epodonios/bulk-xray-v2ray-vless-vmess-...-configs/contents/sub/France?ref=main中发现了0个节点文件
2025-04-29 20:51:11,323 - INFO - 目录https://api.github.com/repos/Epodonios/bulk-xray-v2ray-vless-vmess-...-configs/contents/sub/Germany?ref=main中发现了0个节点文件
2025-04-29 20:51:11,481 - INFO - 目录https://api.github.com/repos/Epodonios/bulk-xray-v2ray-vless-vmess-...-configs/contents/sub/Hong%20Kong?ref=main中发现了0个节点文件
2025-04-29 20:51:11,625 - INFO - 目录https://api.github.com/repos/Epodonios/bulk-xray-v2ray-vless-vmess-...-configs/contents/sub/Iran?ref=main中发现了0个节点文件
2025-04-29 20:51:11,625 - INFO - 已使用API次数: 200/小时
2025-04-29 20:51:11,781 - INFO - 目录https://api.github.com/repos/Epodonios/bulk-xray-v2ray-vless-vmess-...-configs/contents/sub/Ireland?ref=main中发现了0个节点文件
2025-04-29 20:51:11,924 - INFO - 目录https://api.github.com/repos/Epodonios/bulk-xray-v2ray-vless-vmess-...-configs/contents/sub/Italy?ref=main中发现了0个节点文件
2025-04-29 20:51:12,059 - INFO - 目录https://api.github.com/repos/Epodonios/bulk-xray-v2ray-vless-vmess-...-configs/contents/sub/Netherlands?ref=main中发现了0个节点文件
2025-04-29 20:51:12,198 - INFO - 目录https://api.github.com/repos/Epodonios/bulk-xray-v2ray-vless-vmess-...-configs/contents/sub/Poland?ref=main中发现了0个节点文件
2025-04-29 20:51:12,340 - INFO - 目录https://api.github.com/repos/Epodonios/bulk-xray-v2ray-vless-vmess-...-configs/contents/sub/Republic%20of%20Lithuania?ref=main中发现了0个节点文件
2025-04-29 20:51:12,492 - INFO - 目录https://api.github.com/repos/Epodonios/bulk-xray-v2ray-vless-vmess-...-configs/contents/sub/Russia?ref=main中发现了0个节点文件
2025-04-29 20:51:12,664 - INFO - 目录https://api.github.com/repos/Epodonios/bulk-xray-v2ray-vless-vmess-...-configs/contents/sub/Serbia?ref=main中发现了0个节点文件
2025-04-29 20:51:12,810 - INFO - 目录https://api.github.com/repos/Epodonios/bulk-xray-v2ray-vless-vmess-...-configs/contents/sub/Singapore?ref=main中发现了0个节点文件
2025-04-29 20:51:12,951 - INFO - 目录https://api.github.com/repos/Epodonios/bulk-xray-v2ray-vless-vmess-...-configs/contents/sub/Slovak%20Republic?ref=main中发现了0个节点文件
2025-04-29 20:51:13,097 - INFO - 目录https://api.github.com/repos/Epodonios/bulk-xray-v2ray-vless-vmess-...-configs/contents/sub/Spain?ref=main中发现了0个节点文件
2025-04-29 20:51:13,097 - INFO - 已使用API次数: 210/小时
2025-04-29 20:51:13,233 - INFO - 目录https://api.github.com/repos/Epodonios/bulk-xray-v2ray-vless-vmess-...-configs/contents/sub/Sweden?ref=main中发现了0个节点文件
2025-04-29 20:51:13,391 - INFO - 目录https://api.github.com/repos/Epodonios/bulk-xray-v2ray-vless-vmess-...-configs/contents/sub/Switzerland?ref=main中发现了0个节点文件
2025-04-29 20:51:13,541 - INFO - 目录https://api.github.com/repos/Epodonios/bulk-xray-v2ray-vless-vmess-...-configs/contents/sub/Turkey?ref=main中发现了0个节点文件
2025-04-29 20:51:13,677 - INFO - 目录https://api.github.com/repos/Epodonios/bulk-xray-v2ray-vless-vmess-...-configs/contents/sub/United%20Arab%20Emirates?ref=main中发现了0个节点文件
2025-04-29 20:51:13,830 - INFO - 目录https://api.github.com/repos/Epodonios/bulk-xray-v2ray-vless-vmess-...-configs/contents/sub/United%20Kingdom?ref=main中发现了0个节点文件
2025-04-29 20:51:13,975 - INFO - 目录https://api.github.com/repos/Epodonios/bulk-xray-v2ray-vless-vmess-...-configs/contents/sub/United%20States?ref=main中发现了0个节点文件
2025-04-29 20:51:13,975 - INFO - 目录https://api.github.com/repos/Epodonios/bulk-xray-v2ray-vless-vmess-...-configs/contents/sub?ref=main中发现了0个节点文件
2025-04-29 20:51:13,975 - INFO - 目录https://api.github.com/repos/Epodonios/bulk-xray-v2ray-vless-vmess-...-configs/contents/中发现了0个节点文件
2025-04-29 20:51:13,975 - INFO - 开始处理仓库: https://github.com/shaoyouvip/free
2025-04-29 20:51:14,128 - INFO - 目录https://api.github.com/repos/shaoyouvip/free/contents/中发现了0个节点文件
2025-04-29 20:51:14,128 - INFO - 开始处理仓库: https://github.com/peacefish/nodefree
2025-04-29 20:51:14,566 - INFO - 目录https://api.github.com/repos/peacefish/nodefree/contents/sub/list?ref=main中发现了0个节点文件
2025-04-29 20:51:14,566 - INFO - 目录https://api.github.com/repos/peacefish/nodefree/contents/sub?ref=main中发现了12个节点文件
2025-04-29 20:51:14,566 - INFO - 已使用API次数: 220/小时
2025-04-29 20:51:14,868 - INFO - 目录https://api.github.com/repos/peacefish/nodefree/contents/update/2301?ref=main中发现了0个节点文件
2025-04-29 20:51:14,997 - INFO - 目录https://api.github.com/repos/peacefish/nodefree/contents/update/provider?ref=main中发现了0个节点文件
2025-04-29 20:51:14,997 - INFO - 目录https://api.github.com/repos/peacefish/nodefree/contents/update?ref=main中发现了0个节点文件
2025-04-29 20:51:15,289 - INFO - 目录https://api.github.com/repos/peacefish/nodefree/contents/utils/litespeedtest?ref=main中发现了0个节点文件
2025-04-29 20:51:15,428 - INFO - 目录https://api.github.com/repos/peacefish/nodefree/contents/utils/scripts?ref=main中发现了1个节点文件
2025-04-29 20:51:15,595 - INFO - 目录https://api.github.com/repos/peacefish/nodefree/contents/utils/source?ref=main中发现了0个节点文件
2025-04-29 20:51:15,892 - INFO - 目录https://api.github.com/repos/peacefish/nodefree/contents/utils/subconverter/base?ref=main中发现了2个节点文件
2025-04-29 20:51:16,026 - INFO - 目录https://api.github.com/repos/peacefish/nodefree/contents/utils/subconverter/config?ref=main中发现了0个节点文件
2025-04-29 20:51:16,026 - INFO - 已使用API次数: 230/小时
2025-04-29 20:51:16,189 - INFO - 目录https://api.github.com/repos/peacefish/nodefree/contents/utils/subconverter/rules?ref=main中发现了0个节点文件
2025-04-29 20:51:16,323 - INFO - 目录https://api.github.com/repos/peacefish/nodefree/contents/utils/subconverter/snippets?ref=main中发现了1个节点文件
2025-04-29 20:51:16,324 - INFO - 目录https://api.github.com/repos/peacefish/nodefree/contents/utils/subconverter?ref=main中发现了0个节点文件
2025-04-29 20:51:16,324 - INFO - 目录https://api.github.com/repos/peacefish/nodefree/contents/utils?ref=main中发现了0个节点文件
2025-04-29 20:51:16,324 - INFO - 目录https://api.github.com/repos/peacefish/nodefree/contents/中发现了0个节点文件
2025-04-29 20:51:16,324 - INFO - 开始处理仓库: https://github.com/sa-mustafa/light-trojan-vpn-docker
2025-04-29 20:51:16,757 - INFO - 目录https://api.github.com/repos/sa-mustafa/light-trojan-vpn-docker/contents/letsencrypt/speedtest?ref=main中发现了0个节点文件
2025-04-29 20:51:16,757 - INFO - 目录https://api.github.com/repos/sa-mustafa/light-trojan-vpn-docker/contents/letsencrypt?ref=main中发现了0个节点文件
2025-04-29 20:51:16,896 - INFO - 目录https://api.github.com/repos/sa-mustafa/light-trojan-vpn-docker/contents/site?ref=main中发现了0个节点文件
2025-04-29 20:51:16,897 - INFO - 目录https://api.github.com/repos/sa-mustafa/light-trojan-vpn-docker/contents/中发现了0个节点文件
2025-04-29 20:51:16,897 - INFO - 开始处理仓库: https://github.com/9Knight9n/v2ray-aggregator
2025-04-29 20:51:17,174 - INFO - 目录https://api.github.com/repos/9Knight9n/v2ray-aggregator/contents/archive?ref=main中发现了0个节点文件
2025-04-29 20:51:17,174 - INFO - 目录https://api.github.com/repos/9Knight9n/v2ray-aggregator/contents/中发现了0个节点文件
2025-04-29 20:51:17,175 - INFO - 开始处理仓库: https://github.com/dick318/awesome-stars
2025-04-29 20:51:17,327 - INFO - 目录https://api.github.com/repos/dick318/awesome-stars/contents/中发现了0个节点文件
2025-04-29 20:51:17,328 - INFO - 开始处理仓库: https://github.com/vxiaov/free_proxies
2025-04-29 20:51:17,474 - INFO - 已使用API次数: 240/小时
2025-04-29 20:51:17,620 - INFO - 目录https://api.github.com/repos/vxiaov/free_proxies/contents/clash?ref=main中发现了1个节点文件
2025-04-29 20:51:17,620 - INFO - 目录https://api.github.com/repos/vxiaov/free_proxies/contents/中发现了0个节点文件
2025-04-29 20:51:17,620 - INFO - 开始处理仓库: https://github.com/superiorlu/AITreasureBox
2025-04-29 20:51:17,901 - INFO - 目录https://api.github.com/repos/superiorlu/AITreasureBox/contents/images?ref=main中发现了0个节点文件
2025-04-29 20:51:18,036 - INFO - 目录https://api.github.com/repos/superiorlu/AITreasureBox/contents/lib?ref=main中发现了0个节点文件
2025-04-29 20:51:18,036 - INFO - 目录https://api.github.com/repos/superiorlu/AITreasureBox/contents/中发现了0个节点文件
2025-04-29 20:51:18,036 - INFO - 发现 65 个节点文件
2025-04-29 20:51:18,036 - INFO - 开始处理链接集合，共 65 个链接
2025-04-29 20:51:18,036 - INFO - 正在处理链接 (1/65): https://raw.githubusercontent.com/mostaghimbot/FreeV2rayConfig/master/subscription_output.txt
2025-04-29 20:51:18,248 - INFO - 去重统计: 总发现节点=10 重复节点=0
2025-04-29 20:51:18,248 - INFO - 正在处理链接 (2/65): https://raw.githubusercontent.com/nyeinkokoaung404/V2ray-Configs/main/Sub1.txt
2025-04-29 20:51:18,491 - INFO - 去重统计: 总发现节点=380 重复节点=43
2025-04-29 20:51:18,491 - INFO - 正在处理链接 (3/65): https://raw.githubusercontent.com/nyeinkokoaung404/V2ray-Configs/main/Sub10.txt
2025-04-29 20:51:18,724 - INFO - 去重统计: 总发现节点=980 重复节点=45
2025-04-29 20:51:18,724 - INFO - 正在处理链接 (4/65): https://raw.githubusercontent.com/nyeinkokoaung404/V2ray-Configs/main/Sub11.txt
2025-04-29 20:51:19,070 - INFO - 去重统计: 总发现节点=1580 重复节点=45
2025-04-29 20:51:19,070 - INFO - 正在处理链接 (5/65): https://raw.githubusercontent.com/nyeinkokoaung404/V2ray-Configs/main/Sub12.txt
2025-04-29 20:51:19,382 - INFO - 去重统计: 总发现节点=1923 重复节点=45
2025-04-29 20:51:19,382 - INFO - 正在处理链接 (6/65): https://raw.githubusercontent.com/nyeinkokoaung404/V2ray-Configs/main/Sub13.txt
2025-04-29 20:51:19,701 - INFO - 去重统计: 总发现节点=2035 重复节点=47
2025-04-29 20:51:19,702 - INFO - 正在处理链接 (7/65): https://raw.githubusercontent.com/nyeinkokoaung404/V2ray-Configs/main/Sub14.txt
2025-04-29 20:51:20,156 - INFO - 去重统计: 总发现节点=2304 重复节点=83
2025-04-29 20:51:20,156 - INFO - 正在处理链接 (8/65): https://raw.githubusercontent.com/nyeinkokoaung404/V2ray-Configs/main/Sub2.txt
2025-04-29 20:51:20,524 - INFO - 去重统计: 总发现节点=2761 重复节点=130
2025-04-29 20:51:20,524 - INFO - 正在处理链接 (9/65): https://raw.githubusercontent.com/nyeinkokoaung404/V2ray-Configs/main/Sub3.txt
2025-04-29 20:51:21,002 - INFO - 去重统计: 总发现节点=3361 重复节点=130
2025-04-29 20:51:21,002 - INFO - 正在处理链接 (10/65): https://raw.githubusercontent.com/nyeinkokoaung404/V2ray-Configs/main/Sub4.txt
2025-04-29 20:51:21,483 - INFO - 去重统计: 总发现节点=3961 重复节点=130
2025-04-29 20:51:21,484 - INFO - 正在处理链接 (11/65): https://raw.githubusercontent.com/nyeinkokoaung404/V2ray-Configs/main/Sub5.txt
2025-04-29 20:51:21,909 - INFO - 去重统计: 总发现节点=4561 重复节点=130
2025-04-29 20:51:21,909 - INFO - 正在处理链接 (12/65): https://raw.githubusercontent.com/nyeinkokoaung404/V2ray-Configs/main/Sub6.txt
2025-04-29 20:51:22,206 - INFO - 去重统计: 总发现节点=5161 重复节点=130
2025-04-29 20:51:22,207 - INFO - 正在处理链接 (13/65): https://raw.githubusercontent.com/nyeinkokoaung404/V2ray-Configs/main/Sub7.txt
2025-04-29 20:51:22,542 - INFO - 去重统计: 总发现节点=5761 重复节点=130
2025-04-29 20:51:22,542 - INFO - 正在处理链接 (14/65): https://raw.githubusercontent.com/nyeinkokoaung404/V2ray-Configs/main/Sub8.txt
2025-04-29 20:51:22,923 - INFO - 去重统计: 总发现节点=6361 重复节点=130
2025-04-29 20:51:22,923 - INFO - 正在处理链接 (15/65): https://raw.githubusercontent.com/nyeinkokoaung404/V2ray-Configs/main/Sub9.txt
2025-04-29 20:51:23,357 - INFO - 去重统计: 总发现节点=6961 重复节点=135
2025-04-29 20:51:23,357 - INFO - 正在处理链接 (16/65): https://raw.githubusercontent.com/nyeinkokoaung404/V2ray-Configs/main/Warp_sub.txt
2025-04-29 20:51:23,584 - ERROR - YAML解析失败: expected '<document start>', but found '<scalar>'
  in "<unicode string>", line 11, column 1:
    warp://p1@188.114.97.170:894?ifp ... 
    ^
2025-04-29 20:51:23,584 - INFO - 正在处理链接 (17/65): https://raw.githubusercontent.com/barry-far/V2ray-Configs/main/Sub1.txt
2025-04-29 20:51:23,745 - INFO - 去重统计: 总发现节点=7328 重复节点=501
2025-04-29 20:51:23,745 - INFO - 正在处理链接 (18/65): https://raw.githubusercontent.com/barry-far/V2ray-Configs/main/Sub10.txt
2025-04-29 20:51:23,938 - INFO - 去重统计: 总发现节点=7928 重复节点=1101
2025-04-29 20:51:23,939 - INFO - 正在处理链接 (19/65): https://raw.githubusercontent.com/barry-far/V2ray-Configs/main/Sub11.txt
2025-04-29 20:51:24,199 - INFO - 去重统计: 总发现节点=8528 重复节点=1701
2025-04-29 20:51:24,199 - INFO - 正在处理链接 (20/65): https://raw.githubusercontent.com/barry-far/V2ray-Configs/main/Sub12.txt
2025-04-29 20:51:24,452 - INFO - 去重统计: 总发现节点=8747 重复节点=1920
2025-04-29 20:51:24,452 - INFO - 正在处理链接 (21/65): https://raw.githubusercontent.com/barry-far/V2ray-Configs/main/Sub13.txt
2025-04-29 20:51:24,888 - INFO - 去重统计: 总发现节点=8928 重复节点=2101
2025-04-29 20:51:24,888 - INFO - 正在处理链接 (22/65): https://raw.githubusercontent.com/barry-far/V2ray-Configs/main/Sub14.txt
2025-04-29 20:51:25,111 - INFO - 去重统计: 总发现节点=9188 重复节点=2361
2025-04-29 20:51:25,111 - INFO - 正在处理链接 (23/65): https://raw.githubusercontent.com/barry-far/V2ray-Configs/main/Sub2.txt
2025-04-29 20:51:25,162 - INFO - 去重统计: 总发现节点=9712 重复节点=2885
2025-04-29 20:51:25,162 - INFO - 正在处理链接 (24/65): https://raw.githubusercontent.com/barry-far/V2ray-Configs/main/Sub3.txt
2025-04-29 20:51:25,214 - INFO - 去重统计: 总发现节点=10312 重复节点=3485
2025-04-29 20:51:25,215 - INFO - 正在处理链接 (25/65): https://raw.githubusercontent.com/barry-far/V2ray-Configs/main/Sub4.txt
2025-04-29 20:51:25,271 - INFO - 去重统计: 总发现节点=10912 重复节点=4085
2025-04-29 20:51:25,271 - INFO - 正在处理链接 (26/65): https://raw.githubusercontent.com/barry-far/V2ray-Configs/main/Sub5.txt
2025-04-29 20:51:25,420 - INFO - 去重统计: 总发现节点=11512 重复节点=4685
2025-04-29 20:51:25,421 - INFO - 正在处理链接 (27/65): https://raw.githubusercontent.com/barry-far/V2ray-Configs/main/Sub6.txt
2025-04-29 20:51:25,639 - INFO - 去重统计: 总发现节点=12112 重复节点=5285
2025-04-29 20:51:25,639 - INFO - 正在处理链接 (28/65): https://raw.githubusercontent.com/barry-far/V2ray-Configs/main/Sub7.txt
2025-04-29 20:51:25,790 - INFO - 去重统计: 总发现节点=12712 重复节点=5885
2025-04-29 20:51:25,790 - INFO - 正在处理链接 (29/65): https://raw.githubusercontent.com/barry-far/V2ray-Configs/main/Sub8.txt
2025-04-29 20:51:26,000 - INFO - 去重统计: 总发现节点=13312 重复节点=6485
2025-04-29 20:51:26,000 - INFO - 正在处理链接 (30/65): https://raw.githubusercontent.com/barry-far/V2ray-Configs/main/Sub9.txt
2025-04-29 20:51:26,215 - INFO - 去重统计: 总发现节点=13912 重复节点=7085
2025-04-29 20:51:26,215 - INFO - 正在处理链接 (31/65): https://raw.githubusercontent.com/barry-far/V2ray-Configs/main/Warp_sub.txt
2025-04-29 20:51:26,465 - ERROR - YAML解析失败: expected '<document start>', but found '<scalar>'
  in "<unicode string>", line 11, column 1:
    warp://p1@188.114.97.170:894?ifp ... 
    ^
2025-04-29 20:51:26,466 - INFO - 正在处理链接 (32/65): https://raw.githubusercontent.com/lagzian/SS-Collector/main/SS_B64.txt
2025-04-29 20:51:26,697 - ERROR - Clash配置格式错误
2025-04-29 20:51:26,697 - INFO - 正在处理链接 (33/65): https://raw.githubusercontent.com/lagzian/SS-Collector/main/backup_clash.yaml
2025-04-29 20:51:27,030 - INFO - 去重统计: 总发现节点=14002 重复节点=7085
2025-04-29 20:51:27,031 - INFO - 正在处理链接 (34/65): https://raw.githubusercontent.com/lagzian/SS-Collector/main/mix_clash.yaml
2025-04-29 20:51:27,427 - INFO - 去重统计: 总发现节点=14188 重复节点=7099
2025-04-29 20:51:27,427 - INFO - 正在处理链接 (35/65): https://raw.githubusercontent.com/lagzian/SS-Collector/main/reality_clash.yaml
2025-04-29 20:51:27,750 - INFO - 去重统计: 总发现节点=14228 重复节点=7099
2025-04-29 20:51:27,750 - INFO - 正在处理链接 (36/65): https://raw.githubusercontent.com/lagzian/SS-Collector/main/ss_clash.yaml
2025-04-29 20:51:28,165 - INFO - 去重统计: 总发现节点=14374 重复节点=7245
2025-04-29 20:51:28,166 - INFO - 正在处理链接 (37/65): https://raw.githubusercontent.com/lagzian/SS-Collector/main/vmess.txt
2025-04-29 20:51:28,380 - INFO - 去重统计: 总发现节点=14419 重复节点=7289
2025-04-29 20:51:28,380 - INFO - 正在处理链接 (38/65): https://raw.githubusercontent.com/lagzian/SS-Collector/main/vmess_B64.txt
2025-04-29 20:51:28,565 - INFO - 去重统计: 总发现节点=14464 重复节点=7334
2025-04-29 20:51:28,565 - INFO - 正在处理链接 (39/65): https://raw.githubusercontent.com/lagzian/SS-Collector/main/vmess_B64_tvc.txt
2025-04-29 20:51:28,770 - INFO - 去重统计: 总发现节点=14489 重复节点=7337
2025-04-29 20:51:28,770 - INFO - 正在处理链接 (40/65): https://raw.githubusercontent.com/lagzian/SS-Collector/main/vmess_B64_ye.txt
2025-04-29 20:51:29,118 - INFO - 去重统计: 总发现节点=14515 重复节点=7363
2025-04-29 20:51:29,119 - INFO - 正在处理链接 (41/65): https://raw.githubusercontent.com/lagzian/SS-Collector/main/vmess_clash.yaml
2025-04-29 20:51:29,389 - INFO - 去重统计: 总发现节点=14555 重复节点=7403
2025-04-29 20:51:29,390 - INFO - 正在处理链接 (42/65): https://raw.githubusercontent.com/lagzian/SS-Collector/main/vmess_tvc.txt
2025-04-29 20:51:29,600 - INFO - 去重统计: 总发现节点=14580 重复节点=7428
2025-04-29 20:51:29,601 - INFO - 正在处理链接 (43/65): https://raw.githubusercontent.com/lagzian/SS-Collector/main/vmess_tvc_clash.yaml
2025-04-29 20:51:29,847 - INFO - 去重统计: 总发现节点=14603 重复节点=7451
2025-04-29 20:51:29,847 - INFO - 正在处理链接 (44/65): https://raw.githubusercontent.com/lagzian/SS-Collector/main/vmess_vless.txt
2025-04-29 20:51:30,045 - ERROR - Clash配置格式错误
2025-04-29 20:51:30,045 - INFO - 正在处理链接 (45/65): https://raw.githubusercontent.com/lagzian/SS-Collector/main/vmess_vless_B64.txt
2025-04-29 20:51:30,239 - ERROR - Clash配置格式错误
2025-04-29 20:51:30,239 - INFO - 正在处理链接 (46/65): https://raw.githubusercontent.com/lagzian/SS-Collector/main/vmess_vless_clash.yaml
2025-04-29 20:51:30,485 - WARNING - proxies字段类型异常
2025-04-29 20:51:30,485 - INFO - 正在处理链接 (47/65): https://raw.githubusercontent.com/lagzian/SS-Collector/main/vmess_ye.txt
2025-04-29 20:51:30,714 - INFO - 去重统计: 总发现节点=14629 重复节点=7477
2025-04-29 20:51:30,714 - INFO - 正在处理链接 (48/65): https://raw.githubusercontent.com/lagzian/SS-Collector/main/vmess_ye_clash.yaml
2025-04-29 20:51:30,944 - WARNING - proxies字段类型异常
2025-04-29 20:51:30,944 - INFO - 正在处理链接 (49/65): https://raw.githubusercontent.com/Epodonios/v2ray-configs/main/Sub1.txt
2025-04-29 20:51:31,201 - INFO - 去重统计: 总发现节点=14921 重复节点=7769
2025-04-29 20:51:31,202 - INFO - 正在处理链接 (50/65): https://raw.githubusercontent.com/Epodonios/v2ray-configs/main/Sub10.txt
2025-04-29 20:51:31,551 - INFO - 去重统计: 总发现节点=15421 重复节点=8269
2025-04-29 20:51:31,551 - INFO - 正在处理链接 (51/65): https://raw.githubusercontent.com/Epodonios/v2ray-configs/main/Sub11.txt
2025-04-29 20:51:31,841 - INFO - 去重统计: 总发现节点=15921 重复节点=8769
2025-04-29 20:51:31,841 - INFO - 正在处理链接 (52/65): https://raw.githubusercontent.com/Epodonios/v2ray-configs/main/Sub12.txt
2025-04-29 20:51:32,037 - INFO - 去重统计: 总发现节点=16421 重复节点=9269
2025-04-29 20:51:32,037 - INFO - 正在处理链接 (53/65): https://raw.githubusercontent.com/Epodonios/v2ray-configs/main/Sub13.txt
2025-04-29 20:51:32,303 - INFO - 去重统计: 总发现节点=16921 重复节点=9769
2025-04-29 20:51:32,303 - INFO - 正在处理链接 (54/65): https://raw.githubusercontent.com/Epodonios/v2ray-configs/main/Sub14.txt
2025-04-29 20:51:32,688 - INFO - 去重统计: 总发现节点=17240 重复节点=10088
2025-04-29 20:51:32,688 - INFO - 正在处理链接 (55/65): https://raw.githubusercontent.com/Epodonios/v2ray-configs/main/Sub15.txt
2025-04-29 20:51:33,098 - ERROR - Clash配置格式错误
2025-04-29 20:51:33,098 - INFO - 正在处理链接 (56/65): https://raw.githubusercontent.com/Epodonios/v2ray-configs/main/Sub16.txt
2025-04-29 20:51:33,561 - INFO - 去重统计: 总发现节点=17549 重复节点=10397
2025-04-29 20:51:33,561 - INFO - 正在处理链接 (57/65): https://raw.githubusercontent.com/Epodonios/v2ray-configs/main/Sub17.txt
2025-04-29 20:51:33,815 - INFO - 去重统计: 总发现节点=17681 重复节点=10529
2025-04-29 20:51:33,815 - INFO - 正在处理链接 (58/65): https://raw.githubusercontent.com/Epodonios/v2ray-configs/main/Sub2.txt
2025-04-29 20:51:34,116 - INFO - 去重统计: 总发现节点=18080 重复节点=10928
2025-04-29 20:51:34,116 - INFO - 正在处理链接 (59/65): https://raw.githubusercontent.com/Epodonios/v2ray-configs/main/Sub3.txt
2025-04-29 20:51:34,363 - INFO - 去重统计: 总发现节点=18580 重复节点=11428
2025-04-29 20:51:34,363 - INFO - 正在处理链接 (60/65): https://raw.githubusercontent.com/Epodonios/v2ray-configs/main/Sub4.txt
2025-04-29 20:51:34,716 - INFO - 去重统计: 总发现节点=19080 重复节点=11928
2025-04-29 20:51:34,717 - INFO - 正在处理链接 (61/65): https://raw.githubusercontent.com/Epodonios/v2ray-configs/main/Sub5.txt
2025-04-29 20:51:35,040 - INFO - 去重统计: 总发现节点=19580 重复节点=12428
2025-04-29 20:51:35,040 - INFO - 正在处理链接 (62/65): https://raw.githubusercontent.com/Epodonios/v2ray-configs/main/Sub6.txt
2025-04-29 20:51:35,359 - INFO - 去重统计: 总发现节点=20080 重复节点=12928
2025-04-29 20:51:35,360 - INFO - 正在处理链接 (63/65): https://raw.githubusercontent.com/Epodonios/v2ray-configs/main/Sub7.txt
2025-04-29 20:51:35,821 - INFO - 去重统计: 总发现节点=20580 重复节点=13428
2025-04-29 20:51:35,821 - INFO - 正在处理链接 (64/65): https://raw.githubusercontent.com/Epodonios/v2ray-configs/main/Sub8.txt
2025-04-29 20:51:36,112 - INFO - 去重统计: 总发现节点=21080 重复节点=13928
2025-04-29 20:51:36,113 - INFO - 正在处理链接 (65/65): https://raw.githubusercontent.com/Epodonios/v2ray-configs/main/Sub9.txt
2025-04-29 20:51:36,371 - INFO - 去重统计: 总发现节点=21580 重复节点=14428
2025-04-29 20:51:36,371 - INFO - 处理完成。成功: 57, 失败: 8, 节点数: 7152
2025-04-29 20:51:36,372 - INFO - 开始保存节点结果到目录: output
2025-04-29 20:51:36,372 - INFO - 需要处理的节点总数: 7152
2025-04-29 20:51:36,372 - WARNING - 未知节点类型: grpc
2025-04-29 20:51:36,376 - WARNING - 未知节点类型: httpupgrade
2025-04-29 20:51:36,377 - WARNING - 未知节点类型: grpc
2025-04-29 20:51:36,377 - WARNING - 未知节点类型: grpc
2025-04-29 20:51:36,377 - WARNING - 未知节点类型: grpc
2025-04-29 20:51:36,377 - WARNING - 未知节点类型: grpc
2025-04-29 20:51:36,377 - WARNING - 未知节点类型: grpc
2025-04-29 20:51:36,378 - WARNING - 未知节点类型: grpc
2025-04-29 20:51:36,378 - WARNING - 未知节点类型: grpc
2025-04-29 20:51:36,378 - WARNING - 未知节点类型: httpupgrade
2025-04-29 20:51:36,378 - WARNING - 未知节点类型: grpc
2025-04-29 20:51:36,378 - WARNING - 未知节点类型: grpc
2025-04-29 20:51:36,378 - WARNING - 未知节点类型: grpc
2025-04-29 20:51:36,379 - WARNING - 未知节点类型: httpupgrade
2025-04-29 20:51:36,379 - WARNING - 未知节点类型: grpc
2025-04-29 20:51:36,380 - WARNING - 未知节点类型: grpc
2025-04-29 20:51:36,380 - WARNING - 未知节点类型: grpc
2025-04-29 20:51:36,380 - WARNING - 未知节点类型: httpupgrade
2025-04-29 20:51:36,380 - WARNING - 未知节点类型: grpc
2025-04-29 20:51:36,381 - WARNING - 未知节点类型: grpc
2025-04-29 20:51:36,381 - WARNING - 未知节点类型: grpc
2025-04-29 20:51:36,382 - WARNING - 未知节点类型: grpc
2025-04-29 20:51:36,382 - WARNING - 未知节点类型: httpupgrade
2025-04-29 20:51:36,382 - WARNING - 未知节点类型: httpupgrade
2025-04-29 20:51:36,383 - WARNING - 未知节点类型: grpc
2025-04-29 20:51:36,383 - WARNING - 未知节点类型: grpc
2025-04-29 20:51:36,383 - WARNING - 未知节点类型: grpc
2025-04-29 20:51:36,383 - WARNING - 未知节点类型: grpc
2025-04-29 20:51:36,383 - WARNING - 未知节点类型: grpc
2025-04-29 20:51:36,383 - WARNING - 未知节点类型: grpc
2025-04-29 20:51:36,384 - WARNING - 未知节点类型: grpc
2025-04-29 20:51:36,384 - WARNING - 未知节点类型: grpc
2025-04-29 20:51:36,384 - WARNING - 未知节点类型: grpc
2025-04-29 20:51:36,384 - WARNING - 未知节点类型: httpupgrade
2025-04-29 20:51:36,385 - WARNING - 未知节点类型: xhttp
2025-04-29 20:51:36,385 - WARNING - 未知节点类型: grpc
2025-04-29 20:51:36,385 - WARNING - 未知节点类型: httpupgrade
2025-04-29 20:51:36,386 - WARNING - 未知节点类型: httpupgrade
2025-04-29 20:51:36,386 - WARNING - 未知节点类型: grpc
2025-04-29 20:51:36,386 - WARNING - 未知节点类型: grpc
2025-04-29 20:51:36,386 - WARNING - 未知节点类型: grpc
2025-04-29 20:51:36,387 - WARNING - 未知节点类型: grpc
2025-04-29 20:51:36,387 - WARNING - 未知节点类型: httpupgrade
2025-04-29 20:51:36,387 - WARNING - 未知节点类型: grpc
2025-04-29 20:51:36,387 - WARNING - 未知节点类型: grpc
2025-04-29 20:51:36,388 - WARNING - 未知节点类型: grpc
2025-04-29 20:51:36,388 - WARNING - 未知节点类型: httpupgrade
2025-04-29 20:51:36,388 - WARNING - 未知节点类型: httpupgrade
2025-04-29 20:51:36,388 - WARNING - 未知节点类型: httpupgrade
2025-04-29 20:51:36,389 - WARNING - 未知节点类型: grpc
2025-04-29 20:51:36,389 - WARNING - 未知节点类型: grpc
2025-04-29 20:51:36,389 - WARNING - 未知节点类型: grpc
2025-04-29 20:51:36,389 - WARNING - 未知节点类型: httpupgrade
2025-04-29 20:51:36,389 - WARNING - 未知节点类型: grpc
2025-04-29 20:51:36,390 - WARNING - 未知节点类型: grpc
2025-04-29 20:51:36,390 - WARNING - 未知节点类型: grpc
2025-04-29 20:51:36,390 - WARNING - 未知节点类型: httpupgrade
2025-04-29 20:51:36,390 - WARNING - 未知节点类型: grpc
2025-04-29 20:51:36,391 - WARNING - 未知节点类型: grpc
2025-04-29 20:51:36,391 - WARNING - 未知节点类型: grpc
2025-04-29 20:51:36,391 - WARNING - 未知节点类型: httpupgrade
2025-04-29 20:51:36,391 - WARNING - 未知节点类型: grpc
2025-04-29 20:51:36,391 - WARNING - 未知节点类型: httpupgrade
2025-04-29 20:51:36,391 - WARNING - 未知节点类型: grpc
2025-04-29 20:51:36,392 - WARNING - 未知节点类型: grpc
2025-04-29 20:51:36,392 - WARNING - 未知节点类型: httpupgrade
2025-04-29 20:51:36,392 - WARNING - 未知节点类型: grpc
2025-04-29 20:51:36,392 - WARNING - 未知节点类型: grpc
2025-04-29 20:51:36,393 - WARNING - 未知节点类型: httpupgrade
2025-04-29 20:51:36,393 - WARNING - 未知节点类型: grpc
2025-04-29 20:51:36,393 - WARNING - 未知节点类型: grpc
2025-04-29 20:51:36,393 - WARNING - 未知节点类型: grpc
2025-04-29 20:51:36,394 - WARNING - 未知节点类型: grpc
2025-04-29 20:51:36,394 - WARNING - 未知节点类型: grpc
2025-04-29 20:51:36,394 - WARNING - 未知节点类型: grpc
2025-04-29 20:51:36,395 - WARNING - 未知节点类型: httpupgrade
2025-04-29 20:51:36,395 - WARNING - 未知节点类型: grpc
2025-04-29 20:51:36,395 - WARNING - 未知节点类型: grpc
2025-04-29 20:51:36,395 - WARNING - 未知节点类型: grpc
2025-04-29 20:51:36,396 - WARNING - 未知节点类型: httpupgrade
2025-04-29 20:51:36,396 - WARNING - 未知节点类型: grpc
2025-04-29 20:51:36,396 - WARNING - 未知节点类型: grpc
2025-04-29 20:51:36,396 - WARNING - 未知节点类型: grpc
2025-04-29 20:51:36,396 - WARNING - 未知节点类型: grpc
2025-04-29 20:51:36,397 - WARNING - 未知节点类型: httpupgrade
2025-04-29 20:51:36,397 - WARNING - 未知节点类型: grpc
2025-04-29 20:51:36,397 - WARNING - 未知节点类型: grpc
2025-04-29 20:51:36,398 - WARNING - 未知节点类型: grpc
2025-04-29 20:51:36,398 - WARNING - 未知节点类型: grpc
2025-04-29 20:51:36,399 - WARNING - 未知节点类型: grpc
2025-04-29 20:51:36,399 - WARNING - 未知节点类型: grpc
2025-04-29 20:51:36,399 - WARNING - 未知节点类型: httpupgrade
2025-04-29 20:51:36,399 - WARNING - 未知节点类型: grpc
2025-04-29 20:51:36,400 - WARNING - 未知节点类型: grpc
2025-04-29 20:51:36,400 - WARNING - 未知节点类型: grpc
2025-04-29 20:51:36,400 - WARNING - 未知节点类型: grpc
2025-04-29 20:51:36,401 - WARNING - 未知节点类型: grpc
2025-04-29 20:51:36,401 - WARNING - 未知节点类型: httpupgrade
2025-04-29 20:51:36,402 - WARNING - 未知节点类型: httpupgrade
2025-04-29 20:51:36,402 - WARNING - 未知节点类型: httpupgrade
2025-04-29 20:51:36,402 - WARNING - 未知节点类型: grpc
2025-04-29 20:51:36,402 - WARNING - 未知节点类型: httpupgrade
2025-04-29 20:51:36,403 - WARNING - 未知节点类型: grpc
2025-04-29 20:51:36,403 - WARNING - 未知节点类型: httpupgrade
2025-04-29 20:51:36,403 - WARNING - 未知节点类型: httpupgrade
2025-04-29 20:51:36,403 - WARNING - 未知节点类型: httpupgrade
2025-04-29 20:51:36,403 - WARNING - 未知节点类型: grpc
2025-04-29 20:51:36,403 - WARNING - 未知节点类型: grpc
2025-04-29 20:51:36,403 - WARNING - 未知节点类型: grpc
2025-04-29 20:51:36,404 - WARNING - 未知节点类型: grpc
2025-04-29 20:51:36,454 - INFO - 开始写入输出文件...
2025-04-29 20:51:36,454 - INFO - 生成v2rayN订阅文件: /home/runner/work/getnode/getnode/output/subscription.txt (7042节点)
2025-04-29 20:51:36,457 - INFO - 生成Clash配置文件: /home/runner/work/getnode/getnode/output/clash_config.yaml (7152节点)
2025-04-29 20:51:38,096 - INFO - 成功生成订阅文件，总节点数: 7042
2025-04-29 20:51:38,096 - INFO - 节点类型分布: {'vless': 4945, 'vmess': 303, 'tcp': 1090, 'ws': 548, 'grpc': 79, 'ss': 156, 'httpupgrade': 30, 'xhttp': 1}
2025-04-29 20:51:38,097 - INFO - 
=== 文件处理统计 ===
• 扫描文件总数: 1480
• 因大小跳过: 35 (2.4%)
• 有效处理文件: 1445
