2025-04-30 21:12:20,935 - INFO - === 开始执行爬虫任务 ===
2025-04-30 21:12:40,383 - INFO - 发现 300 个相关仓库
2025-04-30 21:12:40,383 - INFO - 开始收集节点文件...
2025-04-30 21:13:00,148 - INFO - 已使用API次数: 200/小时
2025-04-30 21:13:18,772 - INFO - 已使用API次数: 400/小时
2025-04-30 21:13:37,183 - INFO - 已使用API次数: 600/小时
2025-04-30 21:13:43,353 - ERROR - 处理异常: startswith first arg must be bytes or a tuple of bytes, not str
Traceback (most recent call last):
  File "/home/runner/work/getnode/getnode/src/crawler.py", line 158, in _search_contents
    if not self._process_item(item, depth):
  File "/home/runner/work/getnode/getnode/src/crawler.py", line 224, in _process_item
    if not parsed.scheme.startswith('http'):
TypeError: startswith first arg must be bytes or a tuple of bytes, not str
2025-04-30 21:13:53,972 - INFO - 已使用API次数: 800/小时
2025-04-30 21:14:13,824 - INFO - 已使用API次数: 1000/小时
2025-04-30 21:14:35,405 - INFO - 已使用API次数: 1200/小时
2025-04-30 21:14:56,404 - INFO - 已使用API次数: 1400/小时
2025-04-30 21:15:19,732 - INFO - 已使用API次数: 1600/小时
2025-04-30 21:15:41,314 - INFO - 已使用API次数: 1800/小时
2025-04-30 21:15:58,975 - INFO - 已使用API次数: 2000/小时
2025-04-30 21:16:18,203 - INFO - 已使用API次数: 2200/小时
2025-04-30 21:16:41,321 - INFO - 已使用API次数: 2400/小时
2025-04-30 21:16:59,372 - INFO - 已使用API次数: 2600/小时
2025-04-30 21:17:19,213 - INFO - 已使用API次数: 2800/小时
2025-04-30 21:17:37,477 - INFO - 已使用API次数: 3000/小时
2025-04-30 21:17:55,430 - INFO - 已使用API次数: 3200/小时
2025-04-30 21:18:14,738 - INFO - 已使用API次数: 3400/小时
2025-04-30 21:18:34,406 - INFO - 已使用API次数: 3600/小时
2025-04-30 21:18:52,138 - INFO - 已使用API次数: 3800/小时
2025-04-30 21:19:10,008 - INFO - 已使用API次数: 4000/小时
2025-04-30 21:19:21,842 - INFO - 总共发现 247 个节点文件
2025-04-30 21:19:21,842 - INFO - 开始处理链接集合，共 247 个链接
2025-04-30 21:19:56,122 - INFO - 链接处理完成。成功: 154, 失败: 93
2025-04-30 21:19:56,124 - INFO - 开始保存节点结果到目录: output
2025-04-30 21:19:56,352 - INFO - 开始写入输出文件...
2025-04-30 21:19:56,361 - INFO - v2rayN订阅文件写入成功，文件大小: 4455023字节
2025-04-30 21:20:01,865 - INFO - Clash配置文件写入成功，文件大小: 2703055字节
2025-04-30 21:20:01,870 - INFO - 
=== 文件处理统计 ===
• 扫描文件总数: 27287
• 因大小跳过:   217 (0.8%)
• 有效处理文件: 27070
=== 节点处理统计 ===
• 扫描节点总数: 61071
• 节点去重数:   37040
• 真实节点数:   24031
2025-05-01 01:06:17,683 - INFO - === 开始执行爬虫任务 ===
2025-05-01 01:06:35,741 - INFO - 发现 300 个相关仓库
2025-05-01 01:06:35,741 - INFO - 开始收集节点文件...
2025-05-01 01:06:52,729 - INFO - 已使用API次数: 200/小时
2025-05-01 01:07:09,824 - INFO - 已使用API次数: 400/小时
2025-05-01 01:07:29,883 - INFO - 已使用API次数: 600/小时
2025-05-01 01:07:48,377 - INFO - 已使用API次数: 800/小时
2025-05-01 01:07:58,168 - ERROR - 处理异常: startswith first arg must be bytes or a tuple of bytes, not str
Traceback (most recent call last):
  File "/home/runner/work/getnode/getnode/src/crawler.py", line 158, in _search_contents
    if not self._process_item(item, depth):
  File "/home/runner/work/getnode/getnode/src/crawler.py", line 224, in _process_item
    if not parsed.scheme.startswith('http'):
TypeError: startswith first arg must be bytes or a tuple of bytes, not str
2025-05-01 01:08:05,455 - INFO - 已使用API次数: 1000/小时
2025-05-01 01:08:24,149 - INFO - 已使用API次数: 1200/小时
2025-05-01 01:08:45,922 - INFO - 已使用API次数: 1400/小时
2025-05-01 01:09:05,626 - INFO - 已使用API次数: 1600/小时
2025-05-01 01:09:26,118 - INFO - 已使用API次数: 1800/小时
2025-05-01 01:09:42,774 - INFO - 已使用API次数: 2000/小时
2025-05-01 01:10:00,294 - INFO - 已使用API次数: 2200/小时
2025-05-01 01:10:21,679 - INFO - 已使用API次数: 2400/小时
2025-05-01 01:10:39,279 - INFO - 已使用API次数: 2600/小时
2025-05-01 01:10:57,132 - INFO - 已使用API次数: 2800/小时
2025-05-01 01:11:14,146 - INFO - 已使用API次数: 3000/小时
2025-05-01 01:11:31,210 - INFO - 已使用API次数: 3200/小时
2025-05-01 01:11:49,211 - INFO - 已使用API次数: 3400/小时
2025-05-01 01:12:07,587 - INFO - 已使用API次数: 3600/小时
2025-05-01 01:12:24,748 - INFO - 已使用API次数: 3800/小时
2025-05-01 01:12:41,475 - INFO - 已使用API次数: 4000/小时
2025-05-01 01:12:57,109 - INFO - 总共发现 245 个节点文件
2025-05-01 01:12:57,109 - INFO - 开始处理链接集合，共 245 个链接
2025-05-01 01:13:32,065 - INFO - 链接处理完成。成功: 154, 失败: 91
2025-05-01 01:13:32,067 - INFO - 开始保存节点结果到目录: output
2025-05-01 01:13:32,308 - INFO - 开始写入输出文件...
2025-05-01 01:13:32,319 - INFO - v2rayN订阅文件写入成功，文件大小: 4704582字节
2025-05-01 01:13:38,281 - INFO - Clash配置文件写入成功，文件大小: 2880227字节
2025-05-01 01:13:38,287 - INFO - 
=== 文件处理统计 ===
• 扫描文件总数: 27621
• 因大小跳过:   218 (0.8%)
• 有效处理文件: 27403
=== 节点处理统计 ===
• 扫描节点总数: 62173
• 节点去重数:   37268
• 真实节点数:   24905
2025-05-01 09:05:31,929 - INFO - === 开始执行爬虫任务 ===
2025-05-01 09:05:50,402 - INFO - 发现 300 个相关仓库
2025-05-01 09:05:50,402 - INFO - 开始收集节点文件...
2025-05-01 09:06:06,683 - INFO - 已使用API次数: 200/小时
2025-05-01 09:06:24,650 - INFO - 已使用API次数: 400/小时
2025-05-01 09:06:45,048 - INFO - 已使用API次数: 600/小时
2025-05-01 09:07:03,774 - INFO - 已使用API次数: 800/小时
2025-05-01 09:07:22,594 - INFO - 已使用API次数: 1000/小时
2025-05-01 09:07:40,151 - INFO - 已使用API次数: 1200/小时
2025-05-01 09:08:00,919 - INFO - 已使用API次数: 1400/小时
2025-05-01 09:08:23,042 - INFO - 已使用API次数: 1600/小时
2025-05-01 09:08:44,164 - INFO - 已使用API次数: 1800/小时
2025-05-01 09:09:01,170 - INFO - 已使用API次数: 2000/小时
2025-05-01 09:09:17,983 - INFO - 已使用API次数: 2200/小时
2025-05-01 09:09:39,855 - INFO - 已使用API次数: 2400/小时
2025-05-01 09:09:57,230 - INFO - 已使用API次数: 2600/小时
2025-05-01 09:10:15,817 - INFO - 已使用API次数: 2800/小时
2025-05-01 09:10:32,373 - INFO - 已使用API次数: 3000/小时
2025-05-01 09:10:48,793 - INFO - 已使用API次数: 3200/小时
2025-05-01 09:11:06,074 - INFO - 已使用API次数: 3400/小时
2025-05-01 09:11:24,502 - INFO - 已使用API次数: 3600/小时
2025-05-01 09:11:41,459 - INFO - 已使用API次数: 3800/小时
2025-05-01 09:11:58,647 - INFO - 已使用API次数: 4000/小时
2025-05-01 09:12:10,161 - INFO - 总共发现 246 个节点文件
2025-05-01 09:12:10,162 - INFO - 开始处理链接集合，共 246 个链接
2025-05-01 09:12:42,505 - INFO - 链接处理完成。成功: 154, 失败: 92
2025-05-01 09:12:42,507 - INFO - 开始保存节点结果到目录: output
2025-05-01 09:12:42,739 - INFO - 开始写入输出文件...
2025-05-01 09:12:54,309 - INFO - 成功生成订阅文件，总节点数: 24429
2025-05-01 09:12:54,314 - INFO - 
=== 文件处理统计 ===
• 扫描文件总数: 27288
• 因大小跳过:   216 (0.8%)
• 有效处理文件: 27072
=== 节点处理统计 ===
• 扫描节点总数: 62357
• 节点去重数:   37862
• 真实节点数:   24495
